/Users/jdescler/42/lem_in/test_big/test
==17470== Memcheck, a memory error detector
==17470== Copyright (C) 2002-2017, and GNU GPL'd, by Julian Seward et al.
==17470== Using Valgrind-3.14.0 and LibVEX; rerun with -h for copyright info
==17470== Command: ./lem-in
==17470== 
==17470== 
==17470== HEAP SUMMARY:
==17470==     in use at exit: 18,174 bytes in 162 blocks
==17470==   total heap usage: 155,763 allocs, 155,601 frees, 759,620,777 bytes allocated
==17470== 
==17470== LEAK SUMMARY:
==17470==    definitely lost: 0 bytes in 0 blocks
==17470==    indirectly lost: 0 bytes in 0 blocks
==17470==      possibly lost: 72 bytes in 3 blocks
==17470==    still reachable: 200 bytes in 6 blocks
==17470==         suppressed: 17,902 bytes in 153 blocks
==17470== Rerun with --leak-check=full to see details of leaked memory
==17470== 
==17470== For counts of detected and suppressed errors, rerun with: -v
==17470== ERROR SUMMARY: 0 errors from 0 contexts (suppressed: 4 from 4)
/Users/jdescler/42/lem_in/test_big/test1
==17545== Memcheck, a memory error detector
==17545== Copyright (C) 2002-2017, and GNU GPL'd, by Julian Seward et al.
==17545== Using Valgrind-3.14.0 and LibVEX; rerun with -h for copyright info
==17545== Command: ./lem-in
==17545== 
==17545== 
==17545== HEAP SUMMARY:
==17545==     in use at exit: 18,174 bytes in 162 blocks
==17545==   total heap usage: 155,763 allocs, 155,601 frees, 759,620,777 bytes allocated
==17545== 
==17545== LEAK SUMMARY:
==17545==    definitely lost: 0 bytes in 0 blocks
==17545==    indirectly lost: 0 bytes in 0 blocks
==17545==      possibly lost: 72 bytes in 3 blocks
==17545==    still reachable: 200 bytes in 6 blocks
==17545==         suppressed: 17,902 bytes in 153 blocks
==17545== Rerun with --leak-check=full to see details of leaked memory
==17545== 
==17545== For counts of detected and suppressed errors, rerun with: -v
==17545== ERROR SUMMARY: 0 errors from 0 contexts (suppressed: 4 from 4)
/Users/jdescler/42/lem_in/test_big/test10
==17582== Memcheck, a memory error detector
==17582== Copyright (C) 2002-2017, and GNU GPL'd, by Julian Seward et al.
==17582== Using Valgrind-3.14.0 and LibVEX; rerun with -h for copyright info
==17582== Command: ./lem-in
==17582== 
==17582== 
==17582== HEAP SUMMARY:
==17582==     in use at exit: 18,174 bytes in 162 blocks
==17582==   total heap usage: 69,499 allocs, 69,337 frees, 149,035,463 bytes allocated
==17582== 
==17582== LEAK SUMMARY:
==17582==    definitely lost: 0 bytes in 0 blocks
==17582==    indirectly lost: 0 bytes in 0 blocks
==17582==      possibly lost: 72 bytes in 3 blocks
==17582==    still reachable: 200 bytes in 6 blocks
==17582==         suppressed: 17,902 bytes in 153 blocks
==17582== Rerun with --leak-check=full to see details of leaked memory
==17582== 
==17582== For counts of detected and suppressed errors, rerun with: -v
==17582== ERROR SUMMARY: 0 errors from 0 contexts (suppressed: 4 from 4)
/Users/jdescler/42/lem_in/test_big/test11
==17590== Memcheck, a memory error detector
==17590== Copyright (C) 2002-2017, and GNU GPL'd, by Julian Seward et al.
==17590== Using Valgrind-3.14.0 and LibVEX; rerun with -h for copyright info
==17590== Command: ./lem-in
==17590== 
==17590== 
==17590== HEAP SUMMARY:
==17590==     in use at exit: 18,174 bytes in 162 blocks
==17590==   total heap usage: 69,499 allocs, 69,337 frees, 149,035,463 bytes allocated
==17590== 
==17590== LEAK SUMMARY:
==17590==    definitely lost: 0 bytes in 0 blocks
==17590==    indirectly lost: 0 bytes in 0 blocks
==17590==      possibly lost: 72 bytes in 3 blocks
==17590==    still reachable: 200 bytes in 6 blocks
==17590==         suppressed: 17,902 bytes in 153 blocks
==17590== Rerun with --leak-check=full to see details of leaked memory
==17590== 
==17590== For counts of detected and suppressed errors, rerun with: -v
==17590== ERROR SUMMARY: 0 errors from 0 contexts (suppressed: 4 from 4)
/Users/jdescler/42/lem_in/test_big/test12
==17598== Memcheck, a memory error detector
==17598== Copyright (C) 2002-2017, and GNU GPL'd, by Julian Seward et al.
==17598== Using Valgrind-3.14.0 and LibVEX; rerun with -h for copyright info
==17598== Command: ./lem-in
==17598== 
==17598== 
==17598== HEAP SUMMARY:
==17598==     in use at exit: 18,174 bytes in 162 blocks
==17598==   total heap usage: 69,499 allocs, 69,337 frees, 149,035,463 bytes allocated
==17598== 
==17598== LEAK SUMMARY:
==17598==    definitely lost: 0 bytes in 0 blocks
==17598==    indirectly lost: 0 bytes in 0 blocks
==17598==      possibly lost: 72 bytes in 3 blocks
==17598==    still reachable: 200 bytes in 6 blocks
==17598==         suppressed: 17,902 bytes in 153 blocks
==17598== Rerun with --leak-check=full to see details of leaked memory
==17598== 
==17598== For counts of detected and suppressed errors, rerun with: -v
==17598== ERROR SUMMARY: 0 errors from 0 contexts (suppressed: 4 from 4)
/Users/jdescler/42/lem_in/test_big/test13
==17606== Memcheck, a memory error detector
==17606== Copyright (C) 2002-2017, and GNU GPL'd, by Julian Seward et al.
==17606== Using Valgrind-3.14.0 and LibVEX; rerun with -h for copyright info
==17606== Command: ./lem-in
==17606== 
==17606== 
==17606== HEAP SUMMARY:
==17606==     in use at exit: 18,174 bytes in 162 blocks
==17606==   total heap usage: 69,499 allocs, 69,337 frees, 149,035,463 bytes allocated
==17606== 
==17606== LEAK SUMMARY:
==17606==    definitely lost: 0 bytes in 0 blocks
==17606==    indirectly lost: 0 bytes in 0 blocks
==17606==      possibly lost: 72 bytes in 3 blocks
==17606==    still reachable: 200 bytes in 6 blocks
==17606==         suppressed: 17,902 bytes in 153 blocks
==17606== Rerun with --leak-check=full to see details of leaked memory
==17606== 
==17606== For counts of detected and suppressed errors, rerun with: -v
==17606== ERROR SUMMARY: 0 errors from 0 contexts (suppressed: 4 from 4)
/Users/jdescler/42/lem_in/test_big/test14
==17614== Memcheck, a memory error detector
==17614== Copyright (C) 2002-2017, and GNU GPL'd, by Julian Seward et al.
==17614== Using Valgrind-3.14.0 and LibVEX; rerun with -h for copyright info
==17614== Command: ./lem-in
==17614== 
==17614== 
==17614== HEAP SUMMARY:
==17614==     in use at exit: 18,174 bytes in 162 blocks
==17614==   total heap usage: 69,499 allocs, 69,337 frees, 149,035,463 bytes allocated
==17614== 
==17614== LEAK SUMMARY:
==17614==    definitely lost: 0 bytes in 0 blocks
==17614==    indirectly lost: 0 bytes in 0 blocks
==17614==      possibly lost: 72 bytes in 3 blocks
==17614==    still reachable: 200 bytes in 6 blocks
==17614==         suppressed: 17,902 bytes in 153 blocks
==17614== Rerun with --leak-check=full to see details of leaked memory
==17614== 
==17614== For counts of detected and suppressed errors, rerun with: -v
==17614== ERROR SUMMARY: 0 errors from 0 contexts (suppressed: 4 from 4)
/Users/jdescler/42/lem_in/test_big/test15
==17622== Memcheck, a memory error detector
==17622== Copyright (C) 2002-2017, and GNU GPL'd, by Julian Seward et al.
==17622== Using Valgrind-3.14.0 and LibVEX; rerun with -h for copyright info
==17622== Command: ./lem-in
==17622== 
==17622== 
==17622== HEAP SUMMARY:
==17622==     in use at exit: 18,174 bytes in 162 blocks
==17622==   total heap usage: 69,499 allocs, 69,337 frees, 149,035,463 bytes allocated
==17622== 
==17622== LEAK SUMMARY:
==17622==    definitely lost: 0 bytes in 0 blocks
==17622==    indirectly lost: 0 bytes in 0 blocks
==17622==      possibly lost: 72 bytes in 3 blocks
==17622==    still reachable: 200 bytes in 6 blocks
==17622==         suppressed: 17,902 bytes in 153 blocks
==17622== Rerun with --leak-check=full to see details of leaked memory
==17622== 
==17622== For counts of detected and suppressed errors, rerun with: -v
==17622== ERROR SUMMARY: 0 errors from 0 contexts (suppressed: 4 from 4)
/Users/jdescler/42/lem_in/test_big/test16
==17630== Memcheck, a memory error detector
==17630== Copyright (C) 2002-2017, and GNU GPL'd, by Julian Seward et al.
==17630== Using Valgrind-3.14.0 and LibVEX; rerun with -h for copyright info
==17630== Command: ./lem-in
==17630== 
==17630== 
==17630== HEAP SUMMARY:
==17630==     in use at exit: 18,174 bytes in 162 blocks
==17630==   total heap usage: 69,499 allocs, 69,337 frees, 149,035,463 bytes allocated
==17630== 
==17630== LEAK SUMMARY:
==17630==    definitely lost: 0 bytes in 0 blocks
==17630==    indirectly lost: 0 bytes in 0 blocks
==17630==      possibly lost: 72 bytes in 3 blocks
==17630==    still reachable: 200 bytes in 6 blocks
==17630==         suppressed: 17,902 bytes in 153 blocks
==17630== Rerun with --leak-check=full to see details of leaked memory
==17630== 
==17630== For counts of detected and suppressed errors, rerun with: -v
==17630== ERROR SUMMARY: 0 errors from 0 contexts (suppressed: 4 from 4)
/Users/jdescler/42/lem_in/test_big/test17
==17668== Memcheck, a memory error detector
==17668== Copyright (C) 2002-2017, and GNU GPL'd, by Julian Seward et al.
==17668== Using Valgrind-3.14.0 and LibVEX; rerun with -h for copyright info
==17668== Command: ./lem-in
==17668== 
==17668== 
==17668== HEAP SUMMARY:
==17668==     in use at exit: 18,174 bytes in 162 blocks
==17668==   total heap usage: 69,499 allocs, 69,337 frees, 149,035,463 bytes allocated
==17668== 
==17668== LEAK SUMMARY:
==17668==    definitely lost: 0 bytes in 0 blocks
==17668==    indirectly lost: 0 bytes in 0 blocks
==17668==      possibly lost: 72 bytes in 3 blocks
==17668==    still reachable: 200 bytes in 6 blocks
==17668==         suppressed: 17,902 bytes in 153 blocks
==17668== Rerun with --leak-check=full to see details of leaked memory
==17668== 
==17668== For counts of detected and suppressed errors, rerun with: -v
==17668== ERROR SUMMARY: 0 errors from 0 contexts (suppressed: 4 from 4)
/Users/jdescler/42/lem_in/test_big/test18
==17676== Memcheck, a memory error detector
==17676== Copyright (C) 2002-2017, and GNU GPL'd, by Julian Seward et al.
==17676== Using Valgrind-3.14.0 and LibVEX; rerun with -h for copyright info
==17676== Command: ./lem-in
==17676== 
==17676== 
==17676== HEAP SUMMARY:
==17676==     in use at exit: 18,174 bytes in 162 blocks
==17676==   total heap usage: 69,499 allocs, 69,337 frees, 149,035,463 bytes allocated
==17676== 
==17676== LEAK SUMMARY:
==17676==    definitely lost: 0 bytes in 0 blocks
==17676==    indirectly lost: 0 bytes in 0 blocks
==17676==      possibly lost: 72 bytes in 3 blocks
==17676==    still reachable: 200 bytes in 6 blocks
==17676==         suppressed: 17,902 bytes in 153 blocks
==17676== Rerun with --leak-check=full to see details of leaked memory
==17676== 
==17676== For counts of detected and suppressed errors, rerun with: -v
==17676== ERROR SUMMARY: 0 errors from 0 contexts (suppressed: 4 from 4)
/Users/jdescler/42/lem_in/test_big/test19
==17701== Memcheck, a memory error detector
==17701== Copyright (C) 2002-2017, and GNU GPL'd, by Julian Seward et al.
==17701== Using Valgrind-3.14.0 and LibVEX; rerun with -h for copyright info
==17701== Command: ./lem-in
==17701== 
==17701== 
==17701== HEAP SUMMARY:
==17701==     in use at exit: 18,174 bytes in 162 blocks
==17701==   total heap usage: 69,499 allocs, 69,337 frees, 149,035,463 bytes allocated
==17701== 
==17701== LEAK SUMMARY:
==17701==    definitely lost: 0 bytes in 0 blocks
==17701==    indirectly lost: 0 bytes in 0 blocks
==17701==      possibly lost: 72 bytes in 3 blocks
==17701==    still reachable: 200 bytes in 6 blocks
==17701==         suppressed: 17,902 bytes in 153 blocks
==17701== Rerun with --leak-check=full to see details of leaked memory
==17701== 
==17701== For counts of detected and suppressed errors, rerun with: -v
==17701== ERROR SUMMARY: 0 errors from 0 contexts (suppressed: 4 from 4)
/Users/jdescler/42/lem_in/test_big/test2
==17711== Memcheck, a memory error detector
==17711== Copyright (C) 2002-2017, and GNU GPL'd, by Julian Seward et al.
==17711== Using Valgrind-3.14.0 and LibVEX; rerun with -h for copyright info
==17711== Command: ./lem-in
==17711== 
==17711== 
==17711== HEAP SUMMARY:
==17711==     in use at exit: 18,174 bytes in 162 blocks
==17711==   total heap usage: 69,499 allocs, 69,337 frees, 149,035,463 bytes allocated
==17711== 
==17711== LEAK SUMMARY:
==17711==    definitely lost: 0 bytes in 0 blocks
==17711==    indirectly lost: 0 bytes in 0 blocks
==17711==      possibly lost: 72 bytes in 3 blocks
==17711==    still reachable: 200 bytes in 6 blocks
==17711==         suppressed: 17,902 bytes in 153 blocks
==17711== Rerun with --leak-check=full to see details of leaked memory
==17711== 
==17711== For counts of detected and suppressed errors, rerun with: -v
==17711== ERROR SUMMARY: 0 errors from 0 contexts (suppressed: 4 from 4)
/Users/jdescler/42/lem_in/test_big/test20
==17720== Memcheck, a memory error detector
==17720== Copyright (C) 2002-2017, and GNU GPL'd, by Julian Seward et al.
==17720== Using Valgrind-3.14.0 and LibVEX; rerun with -h for copyright info
==17720== Command: ./lem-in
==17720== 
==17720== 
==17720== HEAP SUMMARY:
==17720==     in use at exit: 18,174 bytes in 162 blocks
==17720==   total heap usage: 69,499 allocs, 69,337 frees, 149,035,463 bytes allocated
==17720== 
==17720== LEAK SUMMARY:
==17720==    definitely lost: 0 bytes in 0 blocks
==17720==    indirectly lost: 0 bytes in 0 blocks
==17720==      possibly lost: 72 bytes in 3 blocks
==17720==    still reachable: 200 bytes in 6 blocks
==17720==         suppressed: 17,902 bytes in 153 blocks
==17720== Rerun with --leak-check=full to see details of leaked memory
==17720== 
==17720== For counts of detected and suppressed errors, rerun with: -v
==17720== ERROR SUMMARY: 0 errors from 0 contexts (suppressed: 4 from 4)
/Users/jdescler/42/lem_in/test_big/test21
==17721== Memcheck, a memory error detector
==17721== Copyright (C) 2002-2017, and GNU GPL'd, by Julian Seward et al.
==17721== Using Valgrind-3.14.0 and LibVEX; rerun with -h for copyright info
==17721== Command: ./lem-in
==17721== 
==17721== 
==17721== HEAP SUMMARY:
==17721==     in use at exit: 18,174 bytes in 162 blocks
==17721==   total heap usage: 69,499 allocs, 69,337 frees, 149,035,463 bytes allocated
==17721== 
==17721== LEAK SUMMARY:
==17721==    definitely lost: 0 bytes in 0 blocks
==17721==    indirectly lost: 0 bytes in 0 blocks
==17721==      possibly lost: 72 bytes in 3 blocks
==17721==    still reachable: 200 bytes in 6 blocks
==17721==         suppressed: 17,902 bytes in 153 blocks
==17721== Rerun with --leak-check=full to see details of leaked memory
==17721== 
==17721== For counts of detected and suppressed errors, rerun with: -v
==17721== ERROR SUMMARY: 0 errors from 0 contexts (suppressed: 4 from 4)
/Users/jdescler/42/lem_in/test_big/test22
==17750== Memcheck, a memory error detector
==17750== Copyright (C) 2002-2017, and GNU GPL'd, by Julian Seward et al.
==17750== Using Valgrind-3.14.0 and LibVEX; rerun with -h for copyright info
==17750== Command: ./lem-in
==17750== 
==17750== 
==17750== HEAP SUMMARY:
==17750==     in use at exit: 18,174 bytes in 162 blocks
==17750==   total heap usage: 69,499 allocs, 69,337 frees, 149,035,463 bytes allocated
==17750== 
==17750== LEAK SUMMARY:
==17750==    definitely lost: 0 bytes in 0 blocks
==17750==    indirectly lost: 0 bytes in 0 blocks
==17750==      possibly lost: 72 bytes in 3 blocks
==17750==    still reachable: 200 bytes in 6 blocks
==17750==         suppressed: 17,902 bytes in 153 blocks
==17750== Rerun with --leak-check=full to see details of leaked memory
==17750== 
==17750== For counts of detected and suppressed errors, rerun with: -v
==17750== ERROR SUMMARY: 0 errors from 0 contexts (suppressed: 4 from 4)
/Users/jdescler/42/lem_in/test_big/test23
==17751== Memcheck, a memory error detector
==17751== Copyright (C) 2002-2017, and GNU GPL'd, by Julian Seward et al.
==17751== Using Valgrind-3.14.0 and LibVEX; rerun with -h for copyright info
==17751== Command: ./lem-in
==17751== 
==17751== 
==17751== HEAP SUMMARY:
==17751==     in use at exit: 18,174 bytes in 162 blocks
==17751==   total heap usage: 69,499 allocs, 69,337 frees, 149,035,463 bytes allocated
==17751== 
==17751== LEAK SUMMARY:
==17751==    definitely lost: 0 bytes in 0 blocks
==17751==    indirectly lost: 0 bytes in 0 blocks
==17751==      possibly lost: 72 bytes in 3 blocks
==17751==    still reachable: 200 bytes in 6 blocks
==17751==         suppressed: 17,902 bytes in 153 blocks
==17751== Rerun with --leak-check=full to see details of leaked memory
==17751== 
==17751== For counts of detected and suppressed errors, rerun with: -v
==17751== ERROR SUMMARY: 0 errors from 0 contexts (suppressed: 4 from 4)
/Users/jdescler/42/lem_in/test_big/test24
==17752== Memcheck, a memory error detector
==17752== Copyright (C) 2002-2017, and GNU GPL'd, by Julian Seward et al.
==17752== Using Valgrind-3.14.0 and LibVEX; rerun with -h for copyright info
==17752== Command: ./lem-in
==17752== 
==17752== 
==17752== HEAP SUMMARY:
==17752==     in use at exit: 18,174 bytes in 162 blocks
==17752==   total heap usage: 69,499 allocs, 69,337 frees, 149,035,463 bytes allocated
==17752== 
==17752== LEAK SUMMARY:
==17752==    definitely lost: 0 bytes in 0 blocks
==17752==    indirectly lost: 0 bytes in 0 blocks
==17752==      possibly lost: 72 bytes in 3 blocks
==17752==    still reachable: 200 bytes in 6 blocks
==17752==         suppressed: 17,902 bytes in 153 blocks
==17752== Rerun with --leak-check=full to see details of leaked memory
==17752== 
==17752== For counts of detected and suppressed errors, rerun with: -v
==17752== ERROR SUMMARY: 0 errors from 0 contexts (suppressed: 4 from 4)
/Users/jdescler/42/lem_in/test_big/test25
==17753== Memcheck, a memory error detector
==17753== Copyright (C) 2002-2017, and GNU GPL'd, by Julian Seward et al.
==17753== Using Valgrind-3.14.0 and LibVEX; rerun with -h for copyright info
==17753== Command: ./lem-in
==17753== 
==17753== 
==17753== HEAP SUMMARY:
==17753==     in use at exit: 18,174 bytes in 162 blocks
==17753==   total heap usage: 69,499 allocs, 69,337 frees, 149,035,463 bytes allocated
==17753== 
==17753== LEAK SUMMARY:
==17753==    definitely lost: 0 bytes in 0 blocks
==17753==    indirectly lost: 0 bytes in 0 blocks
==17753==      possibly lost: 72 bytes in 3 blocks
==17753==    still reachable: 200 bytes in 6 blocks
==17753==         suppressed: 17,902 bytes in 153 blocks
==17753== Rerun with --leak-check=full to see details of leaked memory
==17753== 
==17753== For counts of detected and suppressed errors, rerun with: -v
==17753== ERROR SUMMARY: 0 errors from 0 contexts (suppressed: 4 from 4)
/Users/jdescler/42/lem_in/test_big/test26
==17754== Memcheck, a memory error detector
==17754== Copyright (C) 2002-2017, and GNU GPL'd, by Julian Seward et al.
==17754== Using Valgrind-3.14.0 and LibVEX; rerun with -h for copyright info
==17754== Command: ./lem-in
==17754== 
==17754== 
==17754== HEAP SUMMARY:
==17754==     in use at exit: 18,174 bytes in 162 blocks
==17754==   total heap usage: 69,499 allocs, 69,337 frees, 149,035,463 bytes allocated
==17754== 
==17754== LEAK SUMMARY:
==17754==    definitely lost: 0 bytes in 0 blocks
==17754==    indirectly lost: 0 bytes in 0 blocks
==17754==      possibly lost: 72 bytes in 3 blocks
==17754==    still reachable: 200 bytes in 6 blocks
==17754==         suppressed: 17,902 bytes in 153 blocks
==17754== Rerun with --leak-check=full to see details of leaked memory
==17754== 
==17754== For counts of detected and suppressed errors, rerun with: -v
==17754== ERROR SUMMARY: 0 errors from 0 contexts (suppressed: 4 from 4)
/Users/jdescler/42/lem_in/test_big/test27
==17756== Memcheck, a memory error detector
==17756== Copyright (C) 2002-2017, and GNU GPL'd, by Julian Seward et al.
==17756== Using Valgrind-3.14.0 and LibVEX; rerun with -h for copyright info
==17756== Command: ./lem-in
==17756== 
==17756== 
==17756== HEAP SUMMARY:
==17756==     in use at exit: 18,174 bytes in 162 blocks
==17756==   total heap usage: 69,499 allocs, 69,337 frees, 149,035,463 bytes allocated
==17756== 
==17756== LEAK SUMMARY:
==17756==    definitely lost: 0 bytes in 0 blocks
==17756==    indirectly lost: 0 bytes in 0 blocks
==17756==      possibly lost: 72 bytes in 3 blocks
==17756==    still reachable: 200 bytes in 6 blocks
==17756==         suppressed: 17,902 bytes in 153 blocks
==17756== Rerun with --leak-check=full to see details of leaked memory
==17756== 
==17756== For counts of detected and suppressed errors, rerun with: -v
==17756== ERROR SUMMARY: 0 errors from 0 contexts (suppressed: 4 from 4)
/Users/jdescler/42/lem_in/test_big/test28
==17785== Memcheck, a memory error detector
==17785== Copyright (C) 2002-2017, and GNU GPL'd, by Julian Seward et al.
==17785== Using Valgrind-3.14.0 and LibVEX; rerun with -h for copyright info
==17785== Command: ./lem-in
==17785== 
==17785== 
==17785== HEAP SUMMARY:
==17785==     in use at exit: 18,174 bytes in 162 blocks
==17785==   total heap usage: 69,499 allocs, 69,337 frees, 149,035,463 bytes allocated
==17785== 
==17785== LEAK SUMMARY:
==17785==    definitely lost: 0 bytes in 0 blocks
==17785==    indirectly lost: 0 bytes in 0 blocks
==17785==      possibly lost: 72 bytes in 3 blocks
==17785==    still reachable: 200 bytes in 6 blocks
==17785==         suppressed: 17,902 bytes in 153 blocks
==17785== Rerun with --leak-check=full to see details of leaked memory
==17785== 
==17785== For counts of detected and suppressed errors, rerun with: -v
==17785== ERROR SUMMARY: 0 errors from 0 contexts (suppressed: 4 from 4)
/Users/jdescler/42/lem_in/test_big/test29
==17786== Memcheck, a memory error detector
==17786== Copyright (C) 2002-2017, and GNU GPL'd, by Julian Seward et al.
==17786== Using Valgrind-3.14.0 and LibVEX; rerun with -h for copyright info
==17786== Command: ./lem-in
==17786== 
==17786== 
==17786== HEAP SUMMARY:
==17786==     in use at exit: 18,174 bytes in 162 blocks
==17786==   total heap usage: 69,499 allocs, 69,337 frees, 149,035,463 bytes allocated
==17786== 
==17786== LEAK SUMMARY:
==17786==    definitely lost: 0 bytes in 0 blocks
==17786==    indirectly lost: 0 bytes in 0 blocks
==17786==      possibly lost: 72 bytes in 3 blocks
==17786==    still reachable: 200 bytes in 6 blocks
==17786==         suppressed: 17,902 bytes in 153 blocks
==17786== Rerun with --leak-check=full to see details of leaked memory
==17786== 
==17786== For counts of detected and suppressed errors, rerun with: -v
==17786== ERROR SUMMARY: 0 errors from 0 contexts (suppressed: 4 from 4)
/Users/jdescler/42/lem_in/test_big/test3
==17787== Memcheck, a memory error detector
==17787== Copyright (C) 2002-2017, and GNU GPL'd, by Julian Seward et al.
==17787== Using Valgrind-3.14.0 and LibVEX; rerun with -h for copyright info
==17787== Command: ./lem-in
==17787== 
==17787== 
==17787== HEAP SUMMARY:
==17787==     in use at exit: 18,174 bytes in 162 blocks
==17787==   total heap usage: 69,499 allocs, 69,337 frees, 149,035,463 bytes allocated
==17787== 
==17787== LEAK SUMMARY:
==17787==    definitely lost: 0 bytes in 0 blocks
==17787==    indirectly lost: 0 bytes in 0 blocks
==17787==      possibly lost: 72 bytes in 3 blocks
==17787==    still reachable: 200 bytes in 6 blocks
==17787==         suppressed: 17,902 bytes in 153 blocks
==17787== Rerun with --leak-check=full to see details of leaked memory
==17787== 
==17787== For counts of detected and suppressed errors, rerun with: -v
==17787== ERROR SUMMARY: 0 errors from 0 contexts (suppressed: 4 from 4)
/Users/jdescler/42/lem_in/test_big/test30
==17788== Memcheck, a memory error detector
==17788== Copyright (C) 2002-2017, and GNU GPL'd, by Julian Seward et al.
==17788== Using Valgrind-3.14.0 and LibVEX; rerun with -h for copyright info
==17788== Command: ./lem-in
==17788== 
==17788== 
==17788== HEAP SUMMARY:
==17788==     in use at exit: 18,174 bytes in 162 blocks
==17788==   total heap usage: 175,553 allocs, 175,391 frees, 772,801,038 bytes allocated
==17788== 
==17788== LEAK SUMMARY:
==17788==    definitely lost: 0 bytes in 0 blocks
==17788==    indirectly lost: 0 bytes in 0 blocks
==17788==      possibly lost: 72 bytes in 3 blocks
==17788==    still reachable: 200 bytes in 6 blocks
==17788==         suppressed: 17,902 bytes in 153 blocks
==17788== Rerun with --leak-check=full to see details of leaked memory
==17788== 
==17788== For counts of detected and suppressed errors, rerun with: -v
==17788== ERROR SUMMARY: 0 errors from 0 contexts (suppressed: 4 from 4)
/Users/jdescler/42/lem_in/test_big/test31
==17822== Memcheck, a memory error detector
==17822== Copyright (C) 2002-2017, and GNU GPL'd, by Julian Seward et al.
==17822== Using Valgrind-3.14.0 and LibVEX; rerun with -h for copyright info
==17822== Command: ./lem-in
==17822== 
==17822== 
==17822== HEAP SUMMARY:
==17822==     in use at exit: 18,174 bytes in 162 blocks
==17822==   total heap usage: 175,553 allocs, 175,391 frees, 772,801,038 bytes allocated
==17822== 
==17822== LEAK SUMMARY:
==17822==    definitely lost: 0 bytes in 0 blocks
==17822==    indirectly lost: 0 bytes in 0 blocks
==17822==      possibly lost: 72 bytes in 3 blocks
==17822==    still reachable: 200 bytes in 6 blocks
==17822==         suppressed: 17,902 bytes in 153 blocks
==17822== Rerun with --leak-check=full to see details of leaked memory
==17822== 
==17822== For counts of detected and suppressed errors, rerun with: -v
==17822== ERROR SUMMARY: 0 errors from 0 contexts (suppressed: 4 from 4)
/Users/jdescler/42/lem_in/test_big/test32
==17851== Memcheck, a memory error detector
==17851== Copyright (C) 2002-2017, and GNU GPL'd, by Julian Seward et al.
==17851== Using Valgrind-3.14.0 and LibVEX; rerun with -h for copyright info
==17851== Command: ./lem-in
==17851== 
==17851== 
==17851== HEAP SUMMARY:
==17851==     in use at exit: 18,174 bytes in 162 blocks
==17851==   total heap usage: 175,553 allocs, 175,391 frees, 772,801,038 bytes allocated
==17851== 
==17851== LEAK SUMMARY:
==17851==    definitely lost: 0 bytes in 0 blocks
==17851==    indirectly lost: 0 bytes in 0 blocks
==17851==      possibly lost: 72 bytes in 3 blocks
==17851==    still reachable: 200 bytes in 6 blocks
==17851==         suppressed: 17,902 bytes in 153 blocks
==17851== Rerun with --leak-check=full to see details of leaked memory
==17851== 
==17851== For counts of detected and suppressed errors, rerun with: -v
==17851== ERROR SUMMARY: 0 errors from 0 contexts (suppressed: 4 from 4)
/Users/jdescler/42/lem_in/test_big/test33
==17852== Memcheck, a memory error detector
==17852== Copyright (C) 2002-2017, and GNU GPL'd, by Julian Seward et al.
==17852== Using Valgrind-3.14.0 and LibVEX; rerun with -h for copyright info
==17852== Command: ./lem-in
==17852== 
==17852== 
==17852== HEAP SUMMARY:
==17852==     in use at exit: 18,174 bytes in 162 blocks
==17852==   total heap usage: 175,553 allocs, 175,391 frees, 772,801,038 bytes allocated
==17852== 
==17852== LEAK SUMMARY:
==17852==    definitely lost: 0 bytes in 0 blocks
==17852==    indirectly lost: 0 bytes in 0 blocks
==17852==      possibly lost: 72 bytes in 3 blocks
==17852==    still reachable: 200 bytes in 6 blocks
==17852==         suppressed: 17,902 bytes in 153 blocks
==17852== Rerun with --leak-check=full to see details of leaked memory
==17852== 
==17852== For counts of detected and suppressed errors, rerun with: -v
==17852== ERROR SUMMARY: 0 errors from 0 contexts (suppressed: 4 from 4)
/Users/jdescler/42/lem_in/test_big/test34
==17881== Memcheck, a memory error detector
==17881== Copyright (C) 2002-2017, and GNU GPL'd, by Julian Seward et al.
==17881== Using Valgrind-3.14.0 and LibVEX; rerun with -h for copyright info
==17881== Command: ./lem-in
==17881== 
==17881== 
==17881== HEAP SUMMARY:
==17881==     in use at exit: 18,174 bytes in 162 blocks
==17881==   total heap usage: 175,553 allocs, 175,391 frees, 772,801,038 bytes allocated
==17881== 
==17881== LEAK SUMMARY:
==17881==    definitely lost: 0 bytes in 0 blocks
==17881==    indirectly lost: 0 bytes in 0 blocks
==17881==      possibly lost: 72 bytes in 3 blocks
==17881==    still reachable: 200 bytes in 6 blocks
==17881==         suppressed: 17,902 bytes in 153 blocks
==17881== Rerun with --leak-check=full to see details of leaked memory
==17881== 
==17881== For counts of detected and suppressed errors, rerun with: -v
==17881== ERROR SUMMARY: 0 errors from 0 contexts (suppressed: 4 from 4)
/Users/jdescler/42/lem_in/test_big/test35
==17912== Memcheck, a memory error detector
==17912== Copyright (C) 2002-2017, and GNU GPL'd, by Julian Seward et al.
==17912== Using Valgrind-3.14.0 and LibVEX; rerun with -h for copyright info
==17912== Command: ./lem-in
==17912== 
==17912== 
==17912== HEAP SUMMARY:
==17912==     in use at exit: 18,174 bytes in 162 blocks
==17912==   total heap usage: 175,553 allocs, 175,391 frees, 772,801,038 bytes allocated
==17912== 
==17912== LEAK SUMMARY:
==17912==    definitely lost: 0 bytes in 0 blocks
==17912==    indirectly lost: 0 bytes in 0 blocks
==17912==      possibly lost: 72 bytes in 3 blocks
==17912==    still reachable: 200 bytes in 6 blocks
==17912==         suppressed: 17,902 bytes in 153 blocks
==17912== Rerun with --leak-check=full to see details of leaked memory
==17912== 
==17912== For counts of detected and suppressed errors, rerun with: -v
==17912== ERROR SUMMARY: 0 errors from 0 contexts (suppressed: 4 from 4)
/Users/jdescler/42/lem_in/test_big/test36
==17943== Memcheck, a memory error detector
==17943== Copyright (C) 2002-2017, and GNU GPL'd, by Julian Seward et al.
==17943== Using Valgrind-3.14.0 and LibVEX; rerun with -h for copyright info
==17943== Command: ./lem-in
==17943== 
==17943== 
==17943== HEAP SUMMARY:
==17943==     in use at exit: 18,174 bytes in 162 blocks
==17943==   total heap usage: 72,474 allocs, 72,312 frees, 211,448,260 bytes allocated
==17943== 
==17943== LEAK SUMMARY:
==17943==    definitely lost: 0 bytes in 0 blocks
==17943==    indirectly lost: 0 bytes in 0 blocks
==17943==      possibly lost: 72 bytes in 3 blocks
==17943==    still reachable: 200 bytes in 6 blocks
==17943==         suppressed: 17,902 bytes in 153 blocks
==17943== Rerun with --leak-check=full to see details of leaked memory
==17943== 
==17943== For counts of detected and suppressed errors, rerun with: -v
==17943== ERROR SUMMARY: 0 errors from 0 contexts (suppressed: 4 from 4)
/Users/jdescler/42/lem_in/test_big/test37
==17944== Memcheck, a memory error detector
==17944== Copyright (C) 2002-2017, and GNU GPL'd, by Julian Seward et al.
==17944== Using Valgrind-3.14.0 and LibVEX; rerun with -h for copyright info
==17944== Command: ./lem-in
==17944== 
==17944== 
==17944== HEAP SUMMARY:
==17944==     in use at exit: 18,174 bytes in 162 blocks
==17944==   total heap usage: 72,474 allocs, 72,312 frees, 211,448,260 bytes allocated
==17944== 
==17944== LEAK SUMMARY:
==17944==    definitely lost: 0 bytes in 0 blocks
==17944==    indirectly lost: 0 bytes in 0 blocks
==17944==      possibly lost: 72 bytes in 3 blocks
==17944==    still reachable: 200 bytes in 6 blocks
==17944==         suppressed: 17,902 bytes in 153 blocks
==17944== Rerun with --leak-check=full to see details of leaked memory
==17944== 
==17944== For counts of detected and suppressed errors, rerun with: -v
==17944== ERROR SUMMARY: 0 errors from 0 contexts (suppressed: 4 from 4)
/Users/jdescler/42/lem_in/test_big/test38
==17945== Memcheck, a memory error detector
==17945== Copyright (C) 2002-2017, and GNU GPL'd, by Julian Seward et al.
==17945== Using Valgrind-3.14.0 and LibVEX; rerun with -h for copyright info
==17945== Command: ./lem-in
==17945== 
==17945== 
==17945== HEAP SUMMARY:
==17945==     in use at exit: 18,174 bytes in 162 blocks
==17945==   total heap usage: 72,474 allocs, 72,312 frees, 211,448,260 bytes allocated
==17945== 
==17945== LEAK SUMMARY:
==17945==    definitely lost: 0 bytes in 0 blocks
==17945==    indirectly lost: 0 bytes in 0 blocks
==17945==      possibly lost: 72 bytes in 3 blocks
==17945==    still reachable: 200 bytes in 6 blocks
==17945==         suppressed: 17,902 bytes in 153 blocks
==17945== Rerun with --leak-check=full to see details of leaked memory
==17945== 
==17945== For counts of detected and suppressed errors, rerun with: -v
==17945== ERROR SUMMARY: 0 errors from 0 contexts (suppressed: 4 from 4)
/Users/jdescler/42/lem_in/test_big/test39
==17957== Memcheck, a memory error detector
==17957== Copyright (C) 2002-2017, and GNU GPL'd, by Julian Seward et al.
==17957== Using Valgrind-3.14.0 and LibVEX; rerun with -h for copyright info
==17957== Command: ./lem-in
==17957== 
==17957== 
==17957== HEAP SUMMARY:
==17957==     in use at exit: 18,174 bytes in 162 blocks
==17957==   total heap usage: 72,474 allocs, 72,312 frees, 211,448,260 bytes allocated
==17957== 
==17957== LEAK SUMMARY:
==17957==    definitely lost: 0 bytes in 0 blocks
==17957==    indirectly lost: 0 bytes in 0 blocks
==17957==      possibly lost: 72 bytes in 3 blocks
==17957==    still reachable: 200 bytes in 6 blocks
==17957==         suppressed: 17,902 bytes in 153 blocks
==17957== Rerun with --leak-check=full to see details of leaked memory
==17957== 
==17957== For counts of detected and suppressed errors, rerun with: -v
==17957== ERROR SUMMARY: 0 errors from 0 contexts (suppressed: 4 from 4)
/Users/jdescler/42/lem_in/test_big/test4
==17979== Memcheck, a memory error detector
==17979== Copyright (C) 2002-2017, and GNU GPL'd, by Julian Seward et al.
==17979== Using Valgrind-3.14.0 and LibVEX; rerun with -h for copyright info
==17979== Command: ./lem-in
==17979== 
==17979== 
==17979== HEAP SUMMARY:
==17979==     in use at exit: 18,174 bytes in 162 blocks
==17979==   total heap usage: 69,499 allocs, 69,337 frees, 149,035,463 bytes allocated
==17979== 
==17979== LEAK SUMMARY:
==17979==    definitely lost: 0 bytes in 0 blocks
==17979==    indirectly lost: 0 bytes in 0 blocks
==17979==      possibly lost: 72 bytes in 3 blocks
==17979==    still reachable: 200 bytes in 6 blocks
==17979==         suppressed: 17,902 bytes in 153 blocks
==17979== Rerun with --leak-check=full to see details of leaked memory
==17979== 
==17979== For counts of detected and suppressed errors, rerun with: -v
==17979== ERROR SUMMARY: 0 errors from 0 contexts (suppressed: 4 from 4)
/Users/jdescler/42/lem_in/test_big/test40
==18009== Memcheck, a memory error detector
==18009== Copyright (C) 2002-2017, and GNU GPL'd, by Julian Seward et al.
==18009== Using Valgrind-3.14.0 and LibVEX; rerun with -h for copyright info
==18009== Command: ./lem-in
==18009== 
==18009== 
==18009== HEAP SUMMARY:
==18009==     in use at exit: 18,174 bytes in 162 blocks
==18009==   total heap usage: 72,474 allocs, 72,312 frees, 211,448,260 bytes allocated
==18009== 
==18009== LEAK SUMMARY:
==18009==    definitely lost: 0 bytes in 0 blocks
==18009==    indirectly lost: 0 bytes in 0 blocks
==18009==      possibly lost: 72 bytes in 3 blocks
==18009==    still reachable: 200 bytes in 6 blocks
==18009==         suppressed: 17,902 bytes in 153 blocks
==18009== Rerun with --leak-check=full to see details of leaked memory
==18009== 
==18009== For counts of detected and suppressed errors, rerun with: -v
==18009== ERROR SUMMARY: 0 errors from 0 contexts (suppressed: 4 from 4)
/Users/jdescler/42/lem_in/test_big/test41
==18010== Memcheck, a memory error detector
==18010== Copyright (C) 2002-2017, and GNU GPL'd, by Julian Seward et al.
==18010== Using Valgrind-3.14.0 and LibVEX; rerun with -h for copyright info
==18010== Command: ./lem-in
==18010== 
==18010== 
==18010== HEAP SUMMARY:
==18010==     in use at exit: 18,174 bytes in 162 blocks
==18010==   total heap usage: 72,474 allocs, 72,312 frees, 211,448,260 bytes allocated
==18010== 
==18010== LEAK SUMMARY:
==18010==    definitely lost: 0 bytes in 0 blocks
==18010==    indirectly lost: 0 bytes in 0 blocks
==18010==      possibly lost: 72 bytes in 3 blocks
==18010==    still reachable: 200 bytes in 6 blocks
==18010==         suppressed: 17,902 bytes in 153 blocks
==18010== Rerun with --leak-check=full to see details of leaked memory
==18010== 
==18010== For counts of detected and suppressed errors, rerun with: -v
==18010== ERROR SUMMARY: 0 errors from 0 contexts (suppressed: 4 from 4)
/Users/jdescler/42/lem_in/test_big/test42
==18011== Memcheck, a memory error detector
==18011== Copyright (C) 2002-2017, and GNU GPL'd, by Julian Seward et al.
==18011== Using Valgrind-3.14.0 and LibVEX; rerun with -h for copyright info
==18011== Command: ./lem-in
==18011== 
==18011== 
==18011== HEAP SUMMARY:
==18011==     in use at exit: 18,174 bytes in 162 blocks
==18011==   total heap usage: 72,474 allocs, 72,312 frees, 211,448,260 bytes allocated
==18011== 
==18011== LEAK SUMMARY:
==18011==    definitely lost: 0 bytes in 0 blocks
==18011==    indirectly lost: 0 bytes in 0 blocks
==18011==      possibly lost: 72 bytes in 3 blocks
==18011==    still reachable: 200 bytes in 6 blocks
==18011==         suppressed: 17,902 bytes in 153 blocks
==18011== Rerun with --leak-check=full to see details of leaked memory
==18011== 
==18011== For counts of detected and suppressed errors, rerun with: -v
==18011== ERROR SUMMARY: 0 errors from 0 contexts (suppressed: 4 from 4)
/Users/jdescler/42/lem_in/test_big/test43
==18017== Memcheck, a memory error detector
==18017== Copyright (C) 2002-2017, and GNU GPL'd, by Julian Seward et al.
==18017== Using Valgrind-3.14.0 and LibVEX; rerun with -h for copyright info
==18017== Command: ./lem-in
==18017== 
==18017== 
==18017== HEAP SUMMARY:
==18017==     in use at exit: 18,174 bytes in 162 blocks
==18017==   total heap usage: 72,474 allocs, 72,312 frees, 211,448,260 bytes allocated
==18017== 
==18017== LEAK SUMMARY:
==18017==    definitely lost: 0 bytes in 0 blocks
==18017==    indirectly lost: 0 bytes in 0 blocks
==18017==      possibly lost: 72 bytes in 3 blocks
==18017==    still reachable: 200 bytes in 6 blocks
==18017==         suppressed: 17,902 bytes in 153 blocks
==18017== Rerun with --leak-check=full to see details of leaked memory
==18017== 
==18017== For counts of detected and suppressed errors, rerun with: -v
==18017== ERROR SUMMARY: 0 errors from 0 contexts (suppressed: 4 from 4)
/Users/jdescler/42/lem_in/test_big/test44
==18018== Memcheck, a memory error detector
==18018== Copyright (C) 2002-2017, and GNU GPL'd, by Julian Seward et al.
==18018== Using Valgrind-3.14.0 and LibVEX; rerun with -h for copyright info
==18018== Command: ./lem-in
==18018== 
==18018== 
==18018== HEAP SUMMARY:
==18018==     in use at exit: 18,174 bytes in 162 blocks
==18018==   total heap usage: 72,474 allocs, 72,312 frees, 211,448,260 bytes allocated
==18018== 
==18018== LEAK SUMMARY:
==18018==    definitely lost: 0 bytes in 0 blocks
==18018==    indirectly lost: 0 bytes in 0 blocks
==18018==      possibly lost: 72 bytes in 3 blocks
==18018==    still reachable: 200 bytes in 6 blocks
==18018==         suppressed: 17,902 bytes in 153 blocks
==18018== Rerun with --leak-check=full to see details of leaked memory
==18018== 
==18018== For counts of detected and suppressed errors, rerun with: -v
==18018== ERROR SUMMARY: 0 errors from 0 contexts (suppressed: 4 from 4)
/Users/jdescler/42/lem_in/test_big/test45
==18047== Memcheck, a memory error detector
==18047== Copyright (C) 2002-2017, and GNU GPL'd, by Julian Seward et al.
==18047== Using Valgrind-3.14.0 and LibVEX; rerun with -h for copyright info
==18047== Command: ./lem-in
==18047== 
==18047== 
==18047== HEAP SUMMARY:
==18047==     in use at exit: 18,174 bytes in 162 blocks
==18047==   total heap usage: 72,474 allocs, 72,312 frees, 211,448,260 bytes allocated
==18047== 
==18047== LEAK SUMMARY:
==18047==    definitely lost: 0 bytes in 0 blocks
==18047==    indirectly lost: 0 bytes in 0 blocks
==18047==      possibly lost: 72 bytes in 3 blocks
==18047==    still reachable: 200 bytes in 6 blocks
==18047==         suppressed: 17,902 bytes in 153 blocks
==18047== Rerun with --leak-check=full to see details of leaked memory
==18047== 
==18047== For counts of detected and suppressed errors, rerun with: -v
==18047== ERROR SUMMARY: 0 errors from 0 contexts (suppressed: 4 from 4)
/Users/jdescler/42/lem_in/test_big/test46
==18048== Memcheck, a memory error detector
==18048== Copyright (C) 2002-2017, and GNU GPL'd, by Julian Seward et al.
==18048== Using Valgrind-3.14.0 and LibVEX; rerun with -h for copyright info
==18048== Command: ./lem-in
==18048== 
==18048== 
==18048== HEAP SUMMARY:
==18048==     in use at exit: 18,174 bytes in 162 blocks
==18048==   total heap usage: 72,474 allocs, 72,312 frees, 211,448,260 bytes allocated
==18048== 
==18048== LEAK SUMMARY:
==18048==    definitely lost: 0 bytes in 0 blocks
==18048==    indirectly lost: 0 bytes in 0 blocks
==18048==      possibly lost: 72 bytes in 3 blocks
==18048==    still reachable: 200 bytes in 6 blocks
==18048==         suppressed: 17,902 bytes in 153 blocks
==18048== Rerun with --leak-check=full to see details of leaked memory
==18048== 
==18048== For counts of detected and suppressed errors, rerun with: -v
==18048== ERROR SUMMARY: 0 errors from 0 contexts (suppressed: 4 from 4)
/Users/jdescler/42/lem_in/test_big/test47
==18049== Memcheck, a memory error detector
==18049== Copyright (C) 2002-2017, and GNU GPL'd, by Julian Seward et al.
==18049== Using Valgrind-3.14.0 and LibVEX; rerun with -h for copyright info
==18049== Command: ./lem-in
==18049== 
==18049== 
==18049== HEAP SUMMARY:
==18049==     in use at exit: 18,174 bytes in 162 blocks
==18049==   total heap usage: 72,474 allocs, 72,312 frees, 211,448,260 bytes allocated
==18049== 
==18049== LEAK SUMMARY:
==18049==    definitely lost: 0 bytes in 0 blocks
==18049==    indirectly lost: 0 bytes in 0 blocks
==18049==      possibly lost: 72 bytes in 3 blocks
==18049==    still reachable: 200 bytes in 6 blocks
==18049==         suppressed: 17,902 bytes in 153 blocks
==18049== Rerun with --leak-check=full to see details of leaked memory
==18049== 
==18049== For counts of detected and suppressed errors, rerun with: -v
==18049== ERROR SUMMARY: 0 errors from 0 contexts (suppressed: 4 from 4)
/Users/jdescler/42/lem_in/test_big/test48
==18050== Memcheck, a memory error detector
==18050== Copyright (C) 2002-2017, and GNU GPL'd, by Julian Seward et al.
==18050== Using Valgrind-3.14.0 and LibVEX; rerun with -h for copyright info
==18050== Command: ./lem-in
==18050== 
==18050== 
==18050== HEAP SUMMARY:
==18050==     in use at exit: 18,174 bytes in 162 blocks
==18050==   total heap usage: 72,474 allocs, 72,312 frees, 211,448,260 bytes allocated
==18050== 
==18050== LEAK SUMMARY:
==18050==    definitely lost: 0 bytes in 0 blocks
==18050==    indirectly lost: 0 bytes in 0 blocks
==18050==      possibly lost: 72 bytes in 3 blocks
==18050==    still reachable: 200 bytes in 6 blocks
==18050==         suppressed: 17,902 bytes in 153 blocks
==18050== Rerun with --leak-check=full to see details of leaked memory
==18050== 
==18050== For counts of detected and suppressed errors, rerun with: -v
==18050== ERROR SUMMARY: 0 errors from 0 contexts (suppressed: 4 from 4)
/Users/jdescler/42/lem_in/test_big/test49
==18051== Memcheck, a memory error detector
==18051== Copyright (C) 2002-2017, and GNU GPL'd, by Julian Seward et al.
==18051== Using Valgrind-3.14.0 and LibVEX; rerun with -h for copyright info
==18051== Command: ./lem-in
==18051== 
==18051== 
==18051== HEAP SUMMARY:
==18051==     in use at exit: 18,174 bytes in 162 blocks
==18051==   total heap usage: 72,474 allocs, 72,312 frees, 211,448,260 bytes allocated
==18051== 
==18051== LEAK SUMMARY:
==18051==    definitely lost: 0 bytes in 0 blocks
==18051==    indirectly lost: 0 bytes in 0 blocks
==18051==      possibly lost: 72 bytes in 3 blocks
==18051==    still reachable: 200 bytes in 6 blocks
==18051==         suppressed: 17,902 bytes in 153 blocks
==18051== Rerun with --leak-check=full to see details of leaked memory
==18051== 
==18051== For counts of detected and suppressed errors, rerun with: -v
==18051== ERROR SUMMARY: 0 errors from 0 contexts (suppressed: 4 from 4)
/Users/jdescler/42/lem_in/test_big/test5
==18080== Memcheck, a memory error detector
==18080== Copyright (C) 2002-2017, and GNU GPL'd, by Julian Seward et al.
==18080== Using Valgrind-3.14.0 and LibVEX; rerun with -h for copyright info
==18080== Command: ./lem-in
==18080== 
==18080== 
==18080== HEAP SUMMARY:
==18080==     in use at exit: 18,174 bytes in 162 blocks
==18080==   total heap usage: 69,499 allocs, 69,337 frees, 149,035,463 bytes allocated
==18080== 
==18080== LEAK SUMMARY:
==18080==    definitely lost: 0 bytes in 0 blocks
==18080==    indirectly lost: 0 bytes in 0 blocks
==18080==      possibly lost: 72 bytes in 3 blocks
==18080==    still reachable: 200 bytes in 6 blocks
==18080==         suppressed: 17,902 bytes in 153 blocks
==18080== Rerun with --leak-check=full to see details of leaked memory
==18080== 
==18080== For counts of detected and suppressed errors, rerun with: -v
==18080== ERROR SUMMARY: 0 errors from 0 contexts (suppressed: 4 from 4)
/Users/jdescler/42/lem_in/test_big/test50
==18081== Memcheck, a memory error detector
==18081== Copyright (C) 2002-2017, and GNU GPL'd, by Julian Seward et al.
==18081== Using Valgrind-3.14.0 and LibVEX; rerun with -h for copyright info
==18081== Command: ./lem-in
==18081== 
==18081== 
==18081== HEAP SUMMARY:
==18081==     in use at exit: 18,174 bytes in 162 blocks
==18081==   total heap usage: 72,474 allocs, 72,312 frees, 211,448,260 bytes allocated
==18081== 
==18081== LEAK SUMMARY:
==18081==    definitely lost: 0 bytes in 0 blocks
==18081==    indirectly lost: 0 bytes in 0 blocks
==18081==      possibly lost: 72 bytes in 3 blocks
==18081==    still reachable: 200 bytes in 6 blocks
==18081==         suppressed: 17,902 bytes in 153 blocks
==18081== Rerun with --leak-check=full to see details of leaked memory
==18081== 
==18081== For counts of detected and suppressed errors, rerun with: -v
==18081== ERROR SUMMARY: 0 errors from 0 contexts (suppressed: 4 from 4)
/Users/jdescler/42/lem_in/test_big/test51
==18082== Memcheck, a memory error detector
==18082== Copyright (C) 2002-2017, and GNU GPL'd, by Julian Seward et al.
==18082== Using Valgrind-3.14.0 and LibVEX; rerun with -h for copyright info
==18082== Command: ./lem-in
==18082== 
==18082== 
==18082== HEAP SUMMARY:
==18082==     in use at exit: 18,174 bytes in 162 blocks
==18082==   total heap usage: 72,474 allocs, 72,312 frees, 211,448,260 bytes allocated
==18082== 
==18082== LEAK SUMMARY:
==18082==    definitely lost: 0 bytes in 0 blocks
==18082==    indirectly lost: 0 bytes in 0 blocks
==18082==      possibly lost: 72 bytes in 3 blocks
==18082==    still reachable: 200 bytes in 6 blocks
==18082==         suppressed: 17,902 bytes in 153 blocks
==18082== Rerun with --leak-check=full to see details of leaked memory
==18082== 
==18082== For counts of detected and suppressed errors, rerun with: -v
==18082== ERROR SUMMARY: 0 errors from 0 contexts (suppressed: 4 from 4)
/Users/jdescler/42/lem_in/test_big/test52
==18083== Memcheck, a memory error detector
==18083== Copyright (C) 2002-2017, and GNU GPL'd, by Julian Seward et al.
==18083== Using Valgrind-3.14.0 and LibVEX; rerun with -h for copyright info
==18083== Command: ./lem-in
==18083== 
==18083== 
==18083== HEAP SUMMARY:
==18083==     in use at exit: 18,174 bytes in 162 blocks
==18083==   total heap usage: 72,474 allocs, 72,312 frees, 211,448,260 bytes allocated
==18083== 
==18083== LEAK SUMMARY:
==18083==    definitely lost: 0 bytes in 0 blocks
==18083==    indirectly lost: 0 bytes in 0 blocks
==18083==      possibly lost: 72 bytes in 3 blocks
==18083==    still reachable: 200 bytes in 6 blocks
==18083==         suppressed: 17,902 bytes in 153 blocks
==18083== Rerun with --leak-check=full to see details of leaked memory
==18083== 
==18083== For counts of detected and suppressed errors, rerun with: -v
==18083== ERROR SUMMARY: 0 errors from 0 contexts (suppressed: 4 from 4)
/Users/jdescler/42/lem_in/test_big/test53
==18084== Memcheck, a memory error detector
==18084== Copyright (C) 2002-2017, and GNU GPL'd, by Julian Seward et al.
==18084== Using Valgrind-3.14.0 and LibVEX; rerun with -h for copyright info
==18084== Command: ./lem-in
==18084== 
==18084== 
==18084== HEAP SUMMARY:
==18084==     in use at exit: 18,174 bytes in 162 blocks
==18084==   total heap usage: 72,474 allocs, 72,312 frees, 211,448,260 bytes allocated
==18084== 
==18084== LEAK SUMMARY:
==18084==    definitely lost: 0 bytes in 0 blocks
==18084==    indirectly lost: 0 bytes in 0 blocks
==18084==      possibly lost: 72 bytes in 3 blocks
==18084==    still reachable: 200 bytes in 6 blocks
==18084==         suppressed: 17,902 bytes in 153 blocks
==18084== Rerun with --leak-check=full to see details of leaked memory
==18084== 
==18084== For counts of detected and suppressed errors, rerun with: -v
==18084== ERROR SUMMARY: 0 errors from 0 contexts (suppressed: 4 from 4)
/Users/jdescler/42/lem_in/test_big/test54
==18113== Memcheck, a memory error detector
==18113== Copyright (C) 2002-2017, and GNU GPL'd, by Julian Seward et al.
==18113== Using Valgrind-3.14.0 and LibVEX; rerun with -h for copyright info
==18113== Command: ./lem-in
==18113== 
==18113== 
==18113== HEAP SUMMARY:
==18113==     in use at exit: 18,174 bytes in 162 blocks
==18113==   total heap usage: 72,474 allocs, 72,312 frees, 211,448,260 bytes allocated
==18113== 
==18113== LEAK SUMMARY:
==18113==    definitely lost: 0 bytes in 0 blocks
==18113==    indirectly lost: 0 bytes in 0 blocks
==18113==      possibly lost: 72 bytes in 3 blocks
==18113==    still reachable: 200 bytes in 6 blocks
==18113==         suppressed: 17,902 bytes in 153 blocks
==18113== Rerun with --leak-check=full to see details of leaked memory
==18113== 
==18113== For counts of detected and suppressed errors, rerun with: -v
==18113== ERROR SUMMARY: 0 errors from 0 contexts (suppressed: 4 from 4)
/Users/jdescler/42/lem_in/test_big/test55
==18114== Memcheck, a memory error detector
==18114== Copyright (C) 2002-2017, and GNU GPL'd, by Julian Seward et al.
==18114== Using Valgrind-3.14.0 and LibVEX; rerun with -h for copyright info
==18114== Command: ./lem-in
==18114== 
==18114== 
==18114== HEAP SUMMARY:
==18114==     in use at exit: 18,174 bytes in 162 blocks
==18114==   total heap usage: 72,474 allocs, 72,312 frees, 211,448,260 bytes allocated
==18114== 
==18114== LEAK SUMMARY:
==18114==    definitely lost: 0 bytes in 0 blocks
==18114==    indirectly lost: 0 bytes in 0 blocks
==18114==      possibly lost: 72 bytes in 3 blocks
==18114==    still reachable: 200 bytes in 6 blocks
==18114==         suppressed: 17,902 bytes in 153 blocks
==18114== Rerun with --leak-check=full to see details of leaked memory
==18114== 
==18114== For counts of detected and suppressed errors, rerun with: -v
==18114== ERROR SUMMARY: 0 errors from 0 contexts (suppressed: 4 from 4)
/Users/jdescler/42/lem_in/test_big/test56
==18115== Memcheck, a memory error detector
==18115== Copyright (C) 2002-2017, and GNU GPL'd, by Julian Seward et al.
==18115== Using Valgrind-3.14.0 and LibVEX; rerun with -h for copyright info
==18115== Command: ./lem-in
==18115== 
==18115== 
==18115== HEAP SUMMARY:
==18115==     in use at exit: 18,174 bytes in 162 blocks
==18115==   total heap usage: 72,474 allocs, 72,312 frees, 211,448,260 bytes allocated
==18115== 
==18115== LEAK SUMMARY:
==18115==    definitely lost: 0 bytes in 0 blocks
==18115==    indirectly lost: 0 bytes in 0 blocks
==18115==      possibly lost: 72 bytes in 3 blocks
==18115==    still reachable: 200 bytes in 6 blocks
==18115==         suppressed: 17,902 bytes in 153 blocks
==18115== Rerun with --leak-check=full to see details of leaked memory
==18115== 
==18115== For counts of detected and suppressed errors, rerun with: -v
==18115== ERROR SUMMARY: 0 errors from 0 contexts (suppressed: 4 from 4)
/Users/jdescler/42/lem_in/test_big/test57
==18166== Memcheck, a memory error detector
==18166== Copyright (C) 2002-2017, and GNU GPL'd, by Julian Seward et al.
==18166== Using Valgrind-3.14.0 and LibVEX; rerun with -h for copyright info
==18166== Command: ./lem-in
==18166== 
==18166== 
==18166== HEAP SUMMARY:
==18166==     in use at exit: 18,174 bytes in 162 blocks
==18166==   total heap usage: 72,474 allocs, 72,312 frees, 211,448,260 bytes allocated
==18166== 
==18166== LEAK SUMMARY:
==18166==    definitely lost: 0 bytes in 0 blocks
==18166==    indirectly lost: 0 bytes in 0 blocks
==18166==      possibly lost: 72 bytes in 3 blocks
==18166==    still reachable: 200 bytes in 6 blocks
==18166==         suppressed: 17,902 bytes in 153 blocks
==18166== Rerun with --leak-check=full to see details of leaked memory
==18166== 
==18166== For counts of detected and suppressed errors, rerun with: -v
==18166== ERROR SUMMARY: 0 errors from 0 contexts (suppressed: 4 from 4)
/Users/jdescler/42/lem_in/test_big/test58
==18180== Memcheck, a memory error detector
==18180== Copyright (C) 2002-2017, and GNU GPL'd, by Julian Seward et al.
==18180== Using Valgrind-3.14.0 and LibVEX; rerun with -h for copyright info
==18180== Command: ./lem-in
==18180== 
==18180== 
==18180== HEAP SUMMARY:
==18180==     in use at exit: 18,174 bytes in 162 blocks
==18180==   total heap usage: 72,474 allocs, 72,312 frees, 211,448,260 bytes allocated
==18180== 
==18180== LEAK SUMMARY:
==18180==    definitely lost: 0 bytes in 0 blocks
==18180==    indirectly lost: 0 bytes in 0 blocks
==18180==      possibly lost: 72 bytes in 3 blocks
==18180==    still reachable: 200 bytes in 6 blocks
==18180==         suppressed: 17,902 bytes in 153 blocks
==18180== Rerun with --leak-check=full to see details of leaked memory
==18180== 
==18180== For counts of detected and suppressed errors, rerun with: -v
==18180== ERROR SUMMARY: 0 errors from 0 contexts (suppressed: 4 from 4)
/Users/jdescler/42/lem_in/test_big/test59
==18210== Memcheck, a memory error detector
==18210== Copyright (C) 2002-2017, and GNU GPL'd, by Julian Seward et al.
==18210== Using Valgrind-3.14.0 and LibVEX; rerun with -h for copyright info
==18210== Command: ./lem-in
==18210== 
==18210== 
==18210== HEAP SUMMARY:
==18210==     in use at exit: 18,174 bytes in 162 blocks
==18210==   total heap usage: 72,474 allocs, 72,312 frees, 211,448,260 bytes allocated
==18210== 
==18210== LEAK SUMMARY:
==18210==    definitely lost: 0 bytes in 0 blocks
==18210==    indirectly lost: 0 bytes in 0 blocks
==18210==      possibly lost: 72 bytes in 3 blocks
==18210==    still reachable: 200 bytes in 6 blocks
==18210==         suppressed: 17,902 bytes in 153 blocks
==18210== Rerun with --leak-check=full to see details of leaked memory
==18210== 
==18210== For counts of detected and suppressed errors, rerun with: -v
==18210== ERROR SUMMARY: 0 errors from 0 contexts (suppressed: 4 from 4)
/Users/jdescler/42/lem_in/test_big/test6
==18211== Memcheck, a memory error detector
==18211== Copyright (C) 2002-2017, and GNU GPL'd, by Julian Seward et al.
==18211== Using Valgrind-3.14.0 and LibVEX; rerun with -h for copyright info
==18211== Command: ./lem-in
==18211== 
==18211== 
==18211== HEAP SUMMARY:
==18211==     in use at exit: 18,174 bytes in 162 blocks
==18211==   total heap usage: 69,499 allocs, 69,337 frees, 149,035,463 bytes allocated
==18211== 
==18211== LEAK SUMMARY:
==18211==    definitely lost: 0 bytes in 0 blocks
==18211==    indirectly lost: 0 bytes in 0 blocks
==18211==      possibly lost: 72 bytes in 3 blocks
==18211==    still reachable: 200 bytes in 6 blocks
==18211==         suppressed: 17,902 bytes in 153 blocks
==18211== Rerun with --leak-check=full to see details of leaked memory
==18211== 
==18211== For counts of detected and suppressed errors, rerun with: -v
==18211== ERROR SUMMARY: 0 errors from 0 contexts (suppressed: 4 from 4)
/Users/jdescler/42/lem_in/test_big/test60
==18212== Memcheck, a memory error detector
==18212== Copyright (C) 2002-2017, and GNU GPL'd, by Julian Seward et al.
==18212== Using Valgrind-3.14.0 and LibVEX; rerun with -h for copyright info
==18212== Command: ./lem-in
==18212== 
==18212== 
==18212== HEAP SUMMARY:
==18212==     in use at exit: 18,174 bytes in 162 blocks
==18212==   total heap usage: 207,256 allocs, 207,094 frees, 1,477,378,221 bytes allocated
==18212== 
==18212== LEAK SUMMARY:
==18212==    definitely lost: 0 bytes in 0 blocks
==18212==    indirectly lost: 0 bytes in 0 blocks
==18212==      possibly lost: 72 bytes in 3 blocks
==18212==    still reachable: 200 bytes in 6 blocks
==18212==         suppressed: 17,902 bytes in 153 blocks
==18212== Rerun with --leak-check=full to see details of leaked memory
==18212== 
==18212== For counts of detected and suppressed errors, rerun with: -v
==18212== ERROR SUMMARY: 0 errors from 0 contexts (suppressed: 4 from 4)
/Users/jdescler/42/lem_in/test_big/test61
==18241== Memcheck, a memory error detector
==18241== Copyright (C) 2002-2017, and GNU GPL'd, by Julian Seward et al.
==18241== Using Valgrind-3.14.0 and LibVEX; rerun with -h for copyright info
==18241== Command: ./lem-in
==18241== 
==18241== 
==18241== HEAP SUMMARY:
==18241==     in use at exit: 18,174 bytes in 162 blocks
==18241==   total heap usage: 207,256 allocs, 207,094 frees, 1,477,378,221 bytes allocated
==18241== 
==18241== LEAK SUMMARY:
==18241==    definitely lost: 0 bytes in 0 blocks
==18241==    indirectly lost: 0 bytes in 0 blocks
==18241==      possibly lost: 72 bytes in 3 blocks
==18241==    still reachable: 200 bytes in 6 blocks
==18241==         suppressed: 17,902 bytes in 153 blocks
==18241== Rerun with --leak-check=full to see details of leaked memory
==18241== 
==18241== For counts of detected and suppressed errors, rerun with: -v
==18241== ERROR SUMMARY: 0 errors from 0 contexts (suppressed: 4 from 4)
/Users/jdescler/42/lem_in/test_big/test62
==18303== Memcheck, a memory error detector
==18303== Copyright (C) 2002-2017, and GNU GPL'd, by Julian Seward et al.
==18303== Using Valgrind-3.14.0 and LibVEX; rerun with -h for copyright info
==18303== Command: ./lem-in
==18303== 
==18303== 
==18303== HEAP SUMMARY:
==18303==     in use at exit: 18,174 bytes in 162 blocks
==18303==   total heap usage: 207,256 allocs, 207,094 frees, 1,477,378,221 bytes allocated
==18303== 
==18303== LEAK SUMMARY:
==18303==    definitely lost: 0 bytes in 0 blocks
==18303==    indirectly lost: 0 bytes in 0 blocks
==18303==      possibly lost: 72 bytes in 3 blocks
==18303==    still reachable: 200 bytes in 6 blocks
==18303==         suppressed: 17,902 bytes in 153 blocks
==18303== Rerun with --leak-check=full to see details of leaked memory
==18303== 
==18303== For counts of detected and suppressed errors, rerun with: -v
==18303== ERROR SUMMARY: 0 errors from 0 contexts (suppressed: 4 from 4)
/Users/jdescler/42/lem_in/test_big/test63
==18335== Memcheck, a memory error detector
==18335== Copyright (C) 2002-2017, and GNU GPL'd, by Julian Seward et al.
==18335== Using Valgrind-3.14.0 and LibVEX; rerun with -h for copyright info
==18335== Command: ./lem-in
==18335== 
==18335== 
==18335== HEAP SUMMARY:
==18335==     in use at exit: 18,174 bytes in 162 blocks
==18335==   total heap usage: 207,256 allocs, 207,094 frees, 1,477,378,221 bytes allocated
==18335== 
==18335== LEAK SUMMARY:
==18335==    definitely lost: 0 bytes in 0 blocks
==18335==    indirectly lost: 0 bytes in 0 blocks
==18335==      possibly lost: 72 bytes in 3 blocks
==18335==    still reachable: 200 bytes in 6 blocks
==18335==         suppressed: 17,902 bytes in 153 blocks
==18335== Rerun with --leak-check=full to see details of leaked memory
==18335== 
==18335== For counts of detected and suppressed errors, rerun with: -v
==18335== ERROR SUMMARY: 0 errors from 0 contexts (suppressed: 4 from 4)
/Users/jdescler/42/lem_in/test_big/test64
==18426== Memcheck, a memory error detector
==18426== Copyright (C) 2002-2017, and GNU GPL'd, by Julian Seward et al.
==18426== Using Valgrind-3.14.0 and LibVEX; rerun with -h for copyright info
==18426== Command: ./lem-in
==18426== 
==18426== 
==18426== HEAP SUMMARY:
==18426==     in use at exit: 18,174 bytes in 162 blocks
==18426==   total heap usage: 75,779 allocs, 75,617 frees, 171,469,457 bytes allocated
==18426== 
==18426== LEAK SUMMARY:
==18426==    definitely lost: 0 bytes in 0 blocks
==18426==    indirectly lost: 0 bytes in 0 blocks
==18426==      possibly lost: 72 bytes in 3 blocks
==18426==    still reachable: 200 bytes in 6 blocks
==18426==         suppressed: 17,902 bytes in 153 blocks
==18426== Rerun with --leak-check=full to see details of leaked memory
==18426== 
==18426== For counts of detected and suppressed errors, rerun with: -v
==18426== ERROR SUMMARY: 0 errors from 0 contexts (suppressed: 4 from 4)
/Users/jdescler/42/lem_in/test_big/test65
==18427== Memcheck, a memory error detector
==18427== Copyright (C) 2002-2017, and GNU GPL'd, by Julian Seward et al.
==18427== Using Valgrind-3.14.0 and LibVEX; rerun with -h for copyright info
==18427== Command: ./lem-in
==18427== 
==18427== 
==18427== HEAP SUMMARY:
==18427==     in use at exit: 18,174 bytes in 162 blocks
==18427==   total heap usage: 75,779 allocs, 75,617 frees, 171,469,457 bytes allocated
==18427== 
==18427== LEAK SUMMARY:
==18427==    definitely lost: 0 bytes in 0 blocks
==18427==    indirectly lost: 0 bytes in 0 blocks
==18427==      possibly lost: 72 bytes in 3 blocks
==18427==    still reachable: 200 bytes in 6 blocks
==18427==         suppressed: 17,902 bytes in 153 blocks
==18427== Rerun with --leak-check=full to see details of leaked memory
==18427== 
==18427== For counts of detected and suppressed errors, rerun with: -v
==18427== ERROR SUMMARY: 0 errors from 0 contexts (suppressed: 4 from 4)
/Users/jdescler/42/lem_in/test_big/test66
==18428== Memcheck, a memory error detector
==18428== Copyright (C) 2002-2017, and GNU GPL'd, by Julian Seward et al.
==18428== Using Valgrind-3.14.0 and LibVEX; rerun with -h for copyright info
==18428== Command: ./lem-in
==18428== 
==18428== 
==18428== HEAP SUMMARY:
==18428==     in use at exit: 18,174 bytes in 162 blocks
==18428==   total heap usage: 75,779 allocs, 75,617 frees, 171,469,457 bytes allocated
==18428== 
==18428== LEAK SUMMARY:
==18428==    definitely lost: 0 bytes in 0 blocks
==18428==    indirectly lost: 0 bytes in 0 blocks
==18428==      possibly lost: 72 bytes in 3 blocks
==18428==    still reachable: 200 bytes in 6 blocks
==18428==         suppressed: 17,902 bytes in 153 blocks
==18428== Rerun with --leak-check=full to see details of leaked memory
==18428== 
==18428== For counts of detected and suppressed errors, rerun with: -v
==18428== ERROR SUMMARY: 0 errors from 0 contexts (suppressed: 4 from 4)
/Users/jdescler/42/lem_in/test_big/test67
==18429== Memcheck, a memory error detector
==18429== Copyright (C) 2002-2017, and GNU GPL'd, by Julian Seward et al.
==18429== Using Valgrind-3.14.0 and LibVEX; rerun with -h for copyright info
==18429== Command: ./lem-in
==18429== 
==18429== 
==18429== HEAP SUMMARY:
==18429==     in use at exit: 18,174 bytes in 162 blocks
==18429==   total heap usage: 75,779 allocs, 75,617 frees, 171,469,457 bytes allocated
==18429== 
==18429== LEAK SUMMARY:
==18429==    definitely lost: 0 bytes in 0 blocks
==18429==    indirectly lost: 0 bytes in 0 blocks
==18429==      possibly lost: 72 bytes in 3 blocks
==18429==    still reachable: 200 bytes in 6 blocks
==18429==         suppressed: 17,902 bytes in 153 blocks
==18429== Rerun with --leak-check=full to see details of leaked memory
==18429== 
==18429== For counts of detected and suppressed errors, rerun with: -v
==18429== ERROR SUMMARY: 0 errors from 0 contexts (suppressed: 4 from 4)
/Users/jdescler/42/lem_in/test_big/test68
==18430== Memcheck, a memory error detector
==18430== Copyright (C) 2002-2017, and GNU GPL'd, by Julian Seward et al.
==18430== Using Valgrind-3.14.0 and LibVEX; rerun with -h for copyright info
==18430== Command: ./lem-in
==18430== 
==18430== 
==18430== HEAP SUMMARY:
==18430==     in use at exit: 18,174 bytes in 162 blocks
==18430==   total heap usage: 75,779 allocs, 75,617 frees, 171,469,457 bytes allocated
==18430== 
==18430== LEAK SUMMARY:
==18430==    definitely lost: 0 bytes in 0 blocks
==18430==    indirectly lost: 0 bytes in 0 blocks
==18430==      possibly lost: 72 bytes in 3 blocks
==18430==    still reachable: 200 bytes in 6 blocks
==18430==         suppressed: 17,902 bytes in 153 blocks
==18430== Rerun with --leak-check=full to see details of leaked memory
==18430== 
==18430== For counts of detected and suppressed errors, rerun with: -v
==18430== ERROR SUMMARY: 0 errors from 0 contexts (suppressed: 4 from 4)
/Users/jdescler/42/lem_in/test_big/test69
==18459== Memcheck, a memory error detector
==18459== Copyright (C) 2002-2017, and GNU GPL'd, by Julian Seward et al.
==18459== Using Valgrind-3.14.0 and LibVEX; rerun with -h for copyright info
==18459== Command: ./lem-in
==18459== 
==18459== 
==18459== HEAP SUMMARY:
==18459==     in use at exit: 18,174 bytes in 162 blocks
==18459==   total heap usage: 75,779 allocs, 75,617 frees, 171,469,457 bytes allocated
==18459== 
==18459== LEAK SUMMARY:
==18459==    definitely lost: 0 bytes in 0 blocks
==18459==    indirectly lost: 0 bytes in 0 blocks
==18459==      possibly lost: 72 bytes in 3 blocks
==18459==    still reachable: 200 bytes in 6 blocks
==18459==         suppressed: 17,902 bytes in 153 blocks
==18459== Rerun with --leak-check=full to see details of leaked memory
==18459== 
==18459== For counts of detected and suppressed errors, rerun with: -v
==18459== ERROR SUMMARY: 0 errors from 0 contexts (suppressed: 4 from 4)
/Users/jdescler/42/lem_in/test_big/test7
==18460== Memcheck, a memory error detector
==18460== Copyright (C) 2002-2017, and GNU GPL'd, by Julian Seward et al.
==18460== Using Valgrind-3.14.0 and LibVEX; rerun with -h for copyright info
==18460== Command: ./lem-in
==18460== 
==18460== 
==18460== HEAP SUMMARY:
==18460==     in use at exit: 18,174 bytes in 162 blocks
==18460==   total heap usage: 69,499 allocs, 69,337 frees, 149,035,463 bytes allocated
==18460== 
==18460== LEAK SUMMARY:
==18460==    definitely lost: 0 bytes in 0 blocks
==18460==    indirectly lost: 0 bytes in 0 blocks
==18460==      possibly lost: 72 bytes in 3 blocks
==18460==    still reachable: 200 bytes in 6 blocks
==18460==         suppressed: 17,902 bytes in 153 blocks
==18460== Rerun with --leak-check=full to see details of leaked memory
==18460== 
==18460== For counts of detected and suppressed errors, rerun with: -v
==18460== ERROR SUMMARY: 0 errors from 0 contexts (suppressed: 4 from 4)
/Users/jdescler/42/lem_in/test_big/test70
/Users/jdescler/42/lem_in/test_big/test71
/Users/jdescler/42/lem_in/test_big/test72
/Users/jdescler/42/lem_in/test_big/test73
/Users/jdescler/42/lem_in/test_big/test74
/Users/jdescler/42/lem_in/test_big/test75
/Users/jdescler/42/lem_in/test_big/test76
/Users/jdescler/42/lem_in/test_big/test77
/Users/jdescler/42/lem_in/test_big/test78
/Users/jdescler/42/lem_in/test_big/test79
/Users/jdescler/42/lem_in/test_big/test8
==18471== Memcheck, a memory error detector
==18471== Copyright (C) 2002-2017, and GNU GPL'd, by Julian Seward et al.
==18471== Using Valgrind-3.14.0 and LibVEX; rerun with -h for copyright info
==18471== Command: ./lem-in
==18471== 
==18471== 
==18471== HEAP SUMMARY:
==18471==     in use at exit: 18,174 bytes in 162 blocks
==18471==   total heap usage: 69,499 allocs, 69,337 frees, 149,035,463 bytes allocated
==18471== 
==18471== LEAK SUMMARY:
==18471==    definitely lost: 0 bytes in 0 blocks
==18471==    indirectly lost: 0 bytes in 0 blocks
==18471==      possibly lost: 72 bytes in 3 blocks
==18471==    still reachable: 200 bytes in 6 blocks
==18471==         suppressed: 17,902 bytes in 153 blocks
==18471== Rerun with --leak-check=full to see details of leaked memory
==18471== 
==18471== For counts of detected and suppressed errors, rerun with: -v
==18471== ERROR SUMMARY: 0 errors from 0 contexts (suppressed: 4 from 4)
/Users/jdescler/42/lem_in/test_big/test80
/Users/jdescler/42/lem_in/test_big/test81
/Users/jdescler/42/lem_in/test_big/test82
/Users/jdescler/42/lem_in/test_big/test83
/Users/jdescler/42/lem_in/test_big/test84
/Users/jdescler/42/lem_in/test_big/test85
/Users/jdescler/42/lem_in/test_big/test86
/Users/jdescler/42/lem_in/test_big/test87
/Users/jdescler/42/lem_in/test_big/test88
/Users/jdescler/42/lem_in/test_big/test89
/Users/jdescler/42/lem_in/test_big/test9
==18482== Memcheck, a memory error detector
==18482== Copyright (C) 2002-2017, and GNU GPL'd, by Julian Seward et al.
==18482== Using Valgrind-3.14.0 and LibVEX; rerun with -h for copyright info
==18482== Command: ./lem-in
==18482== 
==18482== 
==18482== HEAP SUMMARY:
==18482==     in use at exit: 18,174 bytes in 162 blocks
==18482==   total heap usage: 69,499 allocs, 69,337 frees, 149,035,463 bytes allocated
==18482== 
==18482== LEAK SUMMARY:
==18482==    definitely lost: 0 bytes in 0 blocks
==18482==    indirectly lost: 0 bytes in 0 blocks
==18482==      possibly lost: 72 bytes in 3 blocks
==18482==    still reachable: 200 bytes in 6 blocks
==18482==         suppressed: 17,902 bytes in 153 blocks
==18482== Rerun with --leak-check=full to see details of leaked memory
==18482== 
==18482== For counts of detected and suppressed errors, rerun with: -v
==18482== ERROR SUMMARY: 0 errors from 0 contexts (suppressed: 4 from 4)
/Users/jdescler/42/lem_in/test_big/test90
/Users/jdescler/42/lem_in/test_big/test91
/Users/jdescler/42/lem_in/test_big/test92
