map_samples/bad_tests/L_room1.map
==58467== Memcheck, a memory error detector
==58467== Copyright (C) 2002-2017, and GNU GPL'd, by Julian Seward et al.
==58467== Using Valgrind-3.14.0 and LibVEX; rerun with -h for copyright info
==58467== Command: ./lem-in -q
==58467== 
--58467-- run: /usr/bin/dsymutil "./lem-in"
==58467== 
==58467== HEAP SUMMARY:
==58467==     in use at exit: 18,451 bytes in 164 blocks
==58467==   total heap usage: 222 allocs, 58 frees, 26,419 bytes allocated
==58467== 
==58467== LEAK SUMMARY:
==58467==    definitely lost: 0 bytes in 0 blocks
==58467==    indirectly lost: 0 bytes in 0 blocks
==58467==      possibly lost: 72 bytes in 3 blocks
==58467==    still reachable: 366 bytes in 7 blocks
==58467==         suppressed: 18,013 bytes in 154 blocks
==58467== Rerun with --leak-check=full to see details of leaked memory
==58467== 
==58467== For counts of detected and suppressed errors, rerun with: -v
==58467== ERROR SUMMARY: 0 errors from 0 contexts (suppressed: 4 from 4)
map_samples/bad_tests/L_room2.map
==58475== Memcheck, a memory error detector
==58475== Copyright (C) 2002-2017, and GNU GPL'd, by Julian Seward et al.
==58475== Using Valgrind-3.14.0 and LibVEX; rerun with -h for copyright info
==58475== Command: ./lem-in -q
==58475== 
==58475== 
==58475== HEAP SUMMARY:
==58475==     in use at exit: 18,328 bytes in 164 blocks
==58475==   total heap usage: 193 allocs, 29 frees, 24,767 bytes allocated
==58475== 
==58475== LEAK SUMMARY:
==58475==    definitely lost: 0 bytes in 0 blocks
==58475==    indirectly lost: 0 bytes in 0 blocks
==58475==      possibly lost: 72 bytes in 3 blocks
==58475==    still reachable: 243 bytes in 7 blocks
==58475==         suppressed: 18,013 bytes in 154 blocks
==58475== Rerun with --leak-check=full to see details of leaked memory
==58475== 
==58475== For counts of detected and suppressed errors, rerun with: -v
==58475== ERROR SUMMARY: 0 errors from 0 contexts (suppressed: 4 from 4)
map_samples/bad_tests/ant_after_start.map
==58483== Memcheck, a memory error detector
==58483== Copyright (C) 2002-2017, and GNU GPL'd, by Julian Seward et al.
==58483== Using Valgrind-3.14.0 and LibVEX; rerun with -h for copyright info
==58483== Command: ./lem-in -q
==58483== 
==58483== 
==58483== HEAP SUMMARY:
==58483==     in use at exit: 18,351 bytes in 164 blocks
==58483==   total heap usage: 189 allocs, 25 frees, 24,720 bytes allocated
==58483== 
==58483== LEAK SUMMARY:
==58483==    definitely lost: 0 bytes in 0 blocks
==58483==    indirectly lost: 0 bytes in 0 blocks
==58483==      possibly lost: 72 bytes in 3 blocks
==58483==    still reachable: 266 bytes in 7 blocks
==58483==         suppressed: 18,013 bytes in 154 blocks
==58483== Rerun with --leak-check=full to see details of leaked memory
==58483== 
==58483== For counts of detected and suppressed errors, rerun with: -v
==58483== ERROR SUMMARY: 0 errors from 0 contexts (suppressed: 4 from 4)
map_samples/bad_tests/ant_bad_nbr.map
==58487== Memcheck, a memory error detector
==58487== Copyright (C) 2002-2017, and GNU GPL'd, by Julian Seward et al.
==58487== Using Valgrind-3.14.0 and LibVEX; rerun with -h for copyright info
==58487== Command: ./lem-in -q
==58487== 
==58487== 
==58487== HEAP SUMMARY:
==58487==     in use at exit: 18,335 bytes in 164 blocks
==58487==   total heap usage: 186 allocs, 22 frees, 24,614 bytes allocated
==58487== 
==58487== LEAK SUMMARY:
==58487==    definitely lost: 0 bytes in 0 blocks
==58487==    indirectly lost: 0 bytes in 0 blocks
==58487==      possibly lost: 72 bytes in 3 blocks
==58487==    still reachable: 250 bytes in 7 blocks
==58487==         suppressed: 18,013 bytes in 154 blocks
==58487== Rerun with --leak-check=full to see details of leaked memory
==58487== 
==58487== For counts of detected and suppressed errors, rerun with: -v
==58487== ERROR SUMMARY: 0 errors from 0 contexts (suppressed: 4 from 4)
map_samples/bad_tests/ant_max_int.map
==58491== Memcheck, a memory error detector
==58491== Copyright (C) 2002-2017, and GNU GPL'd, by Julian Seward et al.
==58491== Using Valgrind-3.14.0 and LibVEX; rerun with -h for copyright info
==58491== Command: ./lem-in -q
==58491== 
==58491== 
==58491== HEAP SUMMARY:
==58491==     in use at exit: 18,325 bytes in 164 blocks
==58491==   total heap usage: 186 allocs, 22 frees, 24,598 bytes allocated
==58491== 
==58491== LEAK SUMMARY:
==58491==    definitely lost: 0 bytes in 0 blocks
==58491==    indirectly lost: 0 bytes in 0 blocks
==58491==      possibly lost: 72 bytes in 3 blocks
==58491==    still reachable: 240 bytes in 7 blocks
==58491==         suppressed: 18,013 bytes in 154 blocks
==58491== Rerun with --leak-check=full to see details of leaked memory
==58491== 
==58491== For counts of detected and suppressed errors, rerun with: -v
==58491== ERROR SUMMARY: 0 errors from 0 contexts (suppressed: 4 from 4)
map_samples/bad_tests/ant_min_int.map
==58495== Memcheck, a memory error detector
==58495== Copyright (C) 2002-2017, and GNU GPL'd, by Julian Seward et al.
==58495== Using Valgrind-3.14.0 and LibVEX; rerun with -h for copyright info
==58495== Command: ./lem-in -q
==58495== 
==58495== 
==58495== HEAP SUMMARY:
==58495==     in use at exit: 18,324 bytes in 164 blocks
==58495==   total heap usage: 186 allocs, 22 frees, 24,598 bytes allocated
==58495== 
==58495== LEAK SUMMARY:
==58495==    definitely lost: 0 bytes in 0 blocks
==58495==    indirectly lost: 0 bytes in 0 blocks
==58495==      possibly lost: 72 bytes in 3 blocks
==58495==    still reachable: 239 bytes in 7 blocks
==58495==         suppressed: 18,013 bytes in 154 blocks
==58495== Rerun with --leak-check=full to see details of leaked memory
==58495== 
==58495== For counts of detected and suppressed errors, rerun with: -v
==58495== ERROR SUMMARY: 0 errors from 0 contexts (suppressed: 4 from 4)
map_samples/bad_tests/ant_text.map
==58499== Memcheck, a memory error detector
==58499== Copyright (C) 2002-2017, and GNU GPL'd, by Julian Seward et al.
==58499== Using Valgrind-3.14.0 and LibVEX; rerun with -h for copyright info
==58499== Command: ./lem-in -q
==58499== 
==58499== 
==58499== HEAP SUMMARY:
==58499==     in use at exit: 18,326 bytes in 164 blocks
==58499==   total heap usage: 186 allocs, 22 frees, 24,588 bytes allocated
==58499== 
==58499== LEAK SUMMARY:
==58499==    definitely lost: 0 bytes in 0 blocks
==58499==    indirectly lost: 0 bytes in 0 blocks
==58499==      possibly lost: 72 bytes in 3 blocks
==58499==    still reachable: 241 bytes in 7 blocks
==58499==         suppressed: 18,013 bytes in 154 blocks
==58499== Rerun with --leak-check=full to see details of leaked memory
==58499== 
==58499== For counts of detected and suppressed errors, rerun with: -v
==58499== ERROR SUMMARY: 0 errors from 0 contexts (suppressed: 4 from 4)
map_samples/bad_tests/ant_zero.map
==58504== Memcheck, a memory error detector
==58504== Copyright (C) 2002-2017, and GNU GPL'd, by Julian Seward et al.
==58504== Using Valgrind-3.14.0 and LibVEX; rerun with -h for copyright info
==58504== Command: ./lem-in -q
==58504== 
==58504== 
==58504== HEAP SUMMARY:
==58504==     in use at exit: 18,338 bytes in 164 blocks
==58504==   total heap usage: 186 allocs, 22 frees, 24,606 bytes allocated
==58504== 
==58504== LEAK SUMMARY:
==58504==    definitely lost: 0 bytes in 0 blocks
==58504==    indirectly lost: 0 bytes in 0 blocks
==58504==      possibly lost: 72 bytes in 3 blocks
==58504==    still reachable: 253 bytes in 7 blocks
==58504==         suppressed: 18,013 bytes in 154 blocks
==58504== Rerun with --leak-check=full to see details of leaked memory
==58504== 
==58504== For counts of detected and suppressed errors, rerun with: -v
==58504== ERROR SUMMARY: 0 errors from 0 contexts (suppressed: 4 from 4)
map_samples/bad_tests/ants_negative_1.map
==58508== Memcheck, a memory error detector
==58508== Copyright (C) 2002-2017, and GNU GPL'd, by Julian Seward et al.
==58508== Using Valgrind-3.14.0 and LibVEX; rerun with -h for copyright info
==58508== Command: ./lem-in -q
==58508== 
==58508== 
==58508== HEAP SUMMARY:
==58508==     in use at exit: 18,315 bytes in 164 blocks
==58508==   total heap usage: 183 allocs, 19 frees, 24,496 bytes allocated
==58508== 
==58508== LEAK SUMMARY:
==58508==    definitely lost: 0 bytes in 0 blocks
==58508==    indirectly lost: 0 bytes in 0 blocks
==58508==      possibly lost: 72 bytes in 3 blocks
==58508==    still reachable: 230 bytes in 7 blocks
==58508==         suppressed: 18,013 bytes in 154 blocks
==58508== Rerun with --leak-check=full to see details of leaked memory
==58508== 
==58508== For counts of detected and suppressed errors, rerun with: -v
==58508== ERROR SUMMARY: 0 errors from 0 contexts (suppressed: 4 from 4)
map_samples/bad_tests/ants_negative_2.map
==58514== Memcheck, a memory error detector
==58514== Copyright (C) 2002-2017, and GNU GPL'd, by Julian Seward et al.
==58514== Using Valgrind-3.14.0 and LibVEX; rerun with -h for copyright info
==58514== Command: ./lem-in -q
==58514== 
==58514== 
==58514== HEAP SUMMARY:
==58514==     in use at exit: 18,332 bytes in 164 blocks
==58514==   total heap usage: 186 allocs, 22 frees, 24,598 bytes allocated
==58514== 
==58514== LEAK SUMMARY:
==58514==    definitely lost: 0 bytes in 0 blocks
==58514==    indirectly lost: 0 bytes in 0 blocks
==58514==      possibly lost: 72 bytes in 3 blocks
==58514==    still reachable: 247 bytes in 7 blocks
==58514==         suppressed: 18,013 bytes in 154 blocks
==58514== Rerun with --leak-check=full to see details of leaked memory
==58514== 
==58514== For counts of detected and suppressed errors, rerun with: -v
==58514== ERROR SUMMARY: 0 errors from 0 contexts (suppressed: 4 from 4)
map_samples/bad_tests/bad_formatted_start_cmd.map
==58518== Memcheck, a memory error detector
==58518== Copyright (C) 2002-2017, and GNU GPL'd, by Julian Seward et al.
==58518== Using Valgrind-3.14.0 and LibVEX; rerun with -h for copyright info
==58518== Command: ./lem-in -q
==58518== 
==58518== 
==58518== HEAP SUMMARY:
==58518==     in use at exit: 18,320 bytes in 164 blocks
==58518==   total heap usage: 186 allocs, 22 frees, 24,586 bytes allocated
==58518== 
==58518== LEAK SUMMARY:
==58518==    definitely lost: 0 bytes in 0 blocks
==58518==    indirectly lost: 0 bytes in 0 blocks
==58518==      possibly lost: 72 bytes in 3 blocks
==58518==    still reachable: 235 bytes in 7 blocks
==58518==         suppressed: 18,013 bytes in 154 blocks
==58518== Rerun with --leak-check=full to see details of leaked memory
==58518== 
==58518== For counts of detected and suppressed errors, rerun with: -v
==58518== ERROR SUMMARY: 0 errors from 0 contexts (suppressed: 4 from 4)
map_samples/bad_tests/bad_lines.map
==58522== Memcheck, a memory error detector
==58522== Copyright (C) 2002-2017, and GNU GPL'd, by Julian Seward et al.
==58522== Using Valgrind-3.14.0 and LibVEX; rerun with -h for copyright info
==58522== Command: ./lem-in -q
==58522== 
==58522== 
==58522== HEAP SUMMARY:
==58522==     in use at exit: 18,293 bytes in 164 blocks
==58522==   total heap usage: 185 allocs, 21 frees, 24,491 bytes allocated
==58522== 
==58522== LEAK SUMMARY:
==58522==    definitely lost: 0 bytes in 0 blocks
==58522==    indirectly lost: 0 bytes in 0 blocks
==58522==      possibly lost: 72 bytes in 3 blocks
==58522==    still reachable: 208 bytes in 7 blocks
==58522==         suppressed: 18,013 bytes in 154 blocks
==58522== Rerun with --leak-check=full to see details of leaked memory
==58522== 
==58522== For counts of detected and suppressed errors, rerun with: -v
==58522== ERROR SUMMARY: 0 errors from 0 contexts (suppressed: 4 from 4)
map_samples/bad_tests/bad_lines_2.map
==58526== Memcheck, a memory error detector
==58526== Copyright (C) 2002-2017, and GNU GPL'd, by Julian Seward et al.
==58526== Using Valgrind-3.14.0 and LibVEX; rerun with -h for copyright info
==58526== Command: ./lem-in -q
==58526== 
==58526== 
==58526== HEAP SUMMARY:
==58526==     in use at exit: 18,315 bytes in 164 blocks
==58526==   total heap usage: 194 allocs, 30 frees, 24,683 bytes allocated
==58526== 
==58526== LEAK SUMMARY:
==58526==    definitely lost: 0 bytes in 0 blocks
==58526==    indirectly lost: 0 bytes in 0 blocks
==58526==      possibly lost: 72 bytes in 3 blocks
==58526==    still reachable: 230 bytes in 7 blocks
==58526==         suppressed: 18,013 bytes in 154 blocks
==58526== Rerun with --leak-check=full to see details of leaked memory
==58526== 
==58526== For counts of detected and suppressed errors, rerun with: -v
==58526== ERROR SUMMARY: 0 errors from 0 contexts (suppressed: 4 from 4)
map_samples/bad_tests/bad_pipe.map
==58530== Memcheck, a memory error detector
==58530== Copyright (C) 2002-2017, and GNU GPL'd, by Julian Seward et al.
==58530== Using Valgrind-3.14.0 and LibVEX; rerun with -h for copyright info
==58530== Command: ./lem-in -q
==58530== 
==58530== 
==58530== HEAP SUMMARY:
==58530==     in use at exit: 22,681 bytes in 186 blocks
==58530==   total heap usage: 273 allocs, 87 frees, 30,856 bytes allocated
==58530== 
==58530== LEAK SUMMARY:
==58530==    definitely lost: 0 bytes in 0 blocks
==58530==    indirectly lost: 0 bytes in 0 blocks
==58530==      possibly lost: 72 bytes in 3 blocks
==58530==    still reachable: 500 bytes in 28 blocks
==58530==         suppressed: 22,109 bytes in 155 blocks
==58530== Rerun with --leak-check=full to see details of leaked memory
==58530== 
==58530== For counts of detected and suppressed errors, rerun with: -v
==58530== ERROR SUMMARY: 0 errors from 0 contexts (suppressed: 4 from 4)
map_samples/bad_tests/bad_rooms.map
==58534== Memcheck, a memory error detector
==58534== Copyright (C) 2002-2017, and GNU GPL'd, by Julian Seward et al.
==58534== Using Valgrind-3.14.0 and LibVEX; rerun with -h for copyright info
==58534== Command: ./lem-in -q
==58534== 
==58534== 
==58534== HEAP SUMMARY:
==58534==     in use at exit: 18,335 bytes in 164 blocks
==58534==   total heap usage: 211 allocs, 47 frees, 25,072 bytes allocated
==58534== 
==58534== LEAK SUMMARY:
==58534==    definitely lost: 0 bytes in 0 blocks
==58534==    indirectly lost: 0 bytes in 0 blocks
==58534==      possibly lost: 72 bytes in 3 blocks
==58534==    still reachable: 250 bytes in 7 blocks
==58534==         suppressed: 18,013 bytes in 154 blocks
==58534== Rerun with --leak-check=full to see details of leaked memory
==58534== 
==58534== For counts of detected and suppressed errors, rerun with: -v
==58534== ERROR SUMMARY: 0 errors from 0 contexts (suppressed: 4 from 4)
map_samples/bad_tests/command_before_link.map
==58538== Memcheck, a memory error detector
==58538== Copyright (C) 2002-2017, and GNU GPL'd, by Julian Seward et al.
==58538== Using Valgrind-3.14.0 and LibVEX; rerun with -h for copyright info
==58538== Command: ./lem-in -q
==58538== 
==58538== 
==58538== HEAP SUMMARY:
==58538==     in use at exit: 18,296 bytes in 164 blocks
==58538==   total heap usage: 290 allocs, 126 frees, 26,576 bytes allocated
==58538== 
==58538== LEAK SUMMARY:
==58538==    definitely lost: 0 bytes in 0 blocks
==58538==    indirectly lost: 0 bytes in 0 blocks
==58538==      possibly lost: 72 bytes in 3 blocks
==58538==    still reachable: 211 bytes in 7 blocks
==58538==         suppressed: 18,013 bytes in 154 blocks
==58538== Rerun with --leak-check=full to see details of leaked memory
==58538== 
==58538== For counts of detected and suppressed errors, rerun with: -v
==58538== ERROR SUMMARY: 0 errors from 0 contexts (suppressed: 4 from 4)
map_samples/bad_tests/double_ant_value.map
==58542== Memcheck, a memory error detector
==58542== Copyright (C) 2002-2017, and GNU GPL'd, by Julian Seward et al.
==58542== Using Valgrind-3.14.0 and LibVEX; rerun with -h for copyright info
==58542== Command: ./lem-in -q
==58542== 
==58542== 
==58542== HEAP SUMMARY:
==58542==     in use at exit: 18,359 bytes in 164 blocks
==58542==   total heap usage: 189 allocs, 25 frees, 24,744 bytes allocated
==58542== 
==58542== LEAK SUMMARY:
==58542==    definitely lost: 0 bytes in 0 blocks
==58542==    indirectly lost: 0 bytes in 0 blocks
==58542==      possibly lost: 72 bytes in 3 blocks
==58542==    still reachable: 274 bytes in 7 blocks
==58542==         suppressed: 18,013 bytes in 154 blocks
==58542== Rerun with --leak-check=full to see details of leaked memory
==58542== 
==58542== For counts of detected and suppressed errors, rerun with: -v
==58542== ERROR SUMMARY: 0 errors from 0 contexts (suppressed: 4 from 4)
map_samples/bad_tests/double_as_position.map
==58546== Memcheck, a memory error detector
==58546== Copyright (C) 2002-2017, and GNU GPL'd, by Julian Seward et al.
==58546== Using Valgrind-3.14.0 and LibVEX; rerun with -h for copyright info
==58546== Command: ./lem-in -q
==58546== 
==58546== 
==58546== HEAP SUMMARY:
==58546==     in use at exit: 18,449 bytes in 164 blocks
==58546==   total heap usage: 222 allocs, 58 frees, 26,212 bytes allocated
==58546== 
==58546== LEAK SUMMARY:
==58546==    definitely lost: 0 bytes in 0 blocks
==58546==    indirectly lost: 0 bytes in 0 blocks
==58546==      possibly lost: 72 bytes in 3 blocks
==58546==    still reachable: 364 bytes in 7 blocks
==58546==         suppressed: 18,013 bytes in 154 blocks
==58546== Rerun with --leak-check=full to see details of leaked memory
==58546== 
==58546== For counts of detected and suppressed errors, rerun with: -v
==58546== ERROR SUMMARY: 0 errors from 0 contexts (suppressed: 4 from 4)
map_samples/bad_tests/dual_end_command.map
==58550== Memcheck, a memory error detector
==58550== Copyright (C) 2002-2017, and GNU GPL'd, by Julian Seward et al.
==58550== Using Valgrind-3.14.0 and LibVEX; rerun with -h for copyright info
==58550== Command: ./lem-in -q
==58550== 
==58550== 
==58550== HEAP SUMMARY:
==58550==     in use at exit: 18,414 bytes in 164 blocks
==58550==   total heap usage: 250 allocs, 86 frees, 27,322 bytes allocated
==58550== 
==58550== LEAK SUMMARY:
==58550==    definitely lost: 0 bytes in 0 blocks
==58550==    indirectly lost: 0 bytes in 0 blocks
==58550==      possibly lost: 72 bytes in 3 blocks
==58550==    still reachable: 329 bytes in 7 blocks
==58550==         suppressed: 18,013 bytes in 154 blocks
==58550== Rerun with --leak-check=full to see details of leaked memory
==58550== 
==58550== For counts of detected and suppressed errors, rerun with: -v
==58550== ERROR SUMMARY: 0 errors from 0 contexts (suppressed: 4 from 4)
map_samples/bad_tests/duplicated_command_1.map
==58554== Memcheck, a memory error detector
==58554== Copyright (C) 2002-2017, and GNU GPL'd, by Julian Seward et al.
==58554== Using Valgrind-3.14.0 and LibVEX; rerun with -h for copyright info
==58554== Command: ./lem-in -q
==58554== 
==58554== 
==58554== HEAP SUMMARY:
==58554==     in use at exit: 18,414 bytes in 164 blocks
==58554==   total heap usage: 250 allocs, 86 frees, 27,310 bytes allocated
==58554== 
==58554== LEAK SUMMARY:
==58554==    definitely lost: 0 bytes in 0 blocks
==58554==    indirectly lost: 0 bytes in 0 blocks
==58554==      possibly lost: 72 bytes in 3 blocks
==58554==    still reachable: 329 bytes in 7 blocks
==58554==         suppressed: 18,013 bytes in 154 blocks
==58554== Rerun with --leak-check=full to see details of leaked memory
==58554== 
==58554== For counts of detected and suppressed errors, rerun with: -v
==58554== ERROR SUMMARY: 0 errors from 0 contexts (suppressed: 4 from 4)
map_samples/bad_tests/duplicated_command_2.map
==58558== Memcheck, a memory error detector
==58558== Copyright (C) 2002-2017, and GNU GPL'd, by Julian Seward et al.
==58558== Using Valgrind-3.14.0 and LibVEX; rerun with -h for copyright info
==58558== Command: ./lem-in -q
==58558== 
==58558== 
==58558== HEAP SUMMARY:
==58558==     in use at exit: 18,414 bytes in 164 blocks
==58558==   total heap usage: 250 allocs, 86 frees, 27,322 bytes allocated
==58558== 
==58558== LEAK SUMMARY:
==58558==    definitely lost: 0 bytes in 0 blocks
==58558==    indirectly lost: 0 bytes in 0 blocks
==58558==      possibly lost: 72 bytes in 3 blocks
==58558==    still reachable: 329 bytes in 7 blocks
==58558==         suppressed: 18,013 bytes in 154 blocks
==58558== Rerun with --leak-check=full to see details of leaked memory
==58558== 
==58558== For counts of detected and suppressed errors, rerun with: -v
==58558== ERROR SUMMARY: 0 errors from 0 contexts (suppressed: 4 from 4)
map_samples/bad_tests/duplicated_coordinates.map
==58562== Memcheck, a memory error detector
==58562== Copyright (C) 2002-2017, and GNU GPL'd, by Julian Seward et al.
==58562== Using Valgrind-3.14.0 and LibVEX; rerun with -h for copyright info
==58562== Command: ./lem-in -q
==58562== 
==58562== 
==58562== HEAP SUMMARY:
==58562==     in use at exit: 22,787 bytes in 201 blocks
==58562==   total heap usage: 305 allocs, 104 frees, 30,487 bytes allocated
==58562== 
==58562== LEAK SUMMARY:
==58562==    definitely lost: 0 bytes in 0 blocks
==58562==    indirectly lost: 0 bytes in 0 blocks
==58562==      possibly lost: 72 bytes in 3 blocks
==58562==    still reachable: 606 bytes in 43 blocks
==58562==         suppressed: 22,109 bytes in 155 blocks
==58562== Rerun with --leak-check=full to see details of leaked memory
==58562== 
==58562== For counts of detected and suppressed errors, rerun with: -v
==58562== ERROR SUMMARY: 0 errors from 0 contexts (suppressed: 4 from 4)
map_samples/bad_tests/duplicated_link_1.map
==58566== Memcheck, a memory error detector
==58566== Copyright (C) 2002-2017, and GNU GPL'd, by Julian Seward et al.
==58566== Using Valgrind-3.14.0 and LibVEX; rerun with -h for copyright info
==58566== Command: ./lem-in -q
==58566== 
==58566== 
==58566== HEAP SUMMARY:
==58566==     in use at exit: 22,859 bytes in 205 blocks
==58566==   total heap usage: 329 allocs, 124 frees, 31,018 bytes allocated
==58566== 
==58566== LEAK SUMMARY:
==58566==    definitely lost: 0 bytes in 0 blocks
==58566==    indirectly lost: 0 bytes in 0 blocks
==58566==      possibly lost: 72 bytes in 3 blocks
==58566==    still reachable: 678 bytes in 47 blocks
==58566==         suppressed: 22,109 bytes in 155 blocks
==58566== Rerun with --leak-check=full to see details of leaked memory
==58566== 
==58566== For counts of detected and suppressed errors, rerun with: -v
==58566== ERROR SUMMARY: 0 errors from 0 contexts (suppressed: 4 from 4)
map_samples/bad_tests/duplicated_room_name_1.map
==58570== Memcheck, a memory error detector
==58570== Copyright (C) 2002-2017, and GNU GPL'd, by Julian Seward et al.
==58570== Using Valgrind-3.14.0 and LibVEX; rerun with -h for copyright info
==58570== Command: ./lem-in -q
==58570== 
==58570== 
==58570== HEAP SUMMARY:
==58570==     in use at exit: 18,310 bytes in 164 blocks
==58570==   total heap usage: 201 allocs, 37 frees, 24,758 bytes allocated
==58570== 
==58570== LEAK SUMMARY:
==58570==    definitely lost: 0 bytes in 0 blocks
==58570==    indirectly lost: 0 bytes in 0 blocks
==58570==      possibly lost: 72 bytes in 3 blocks
==58570==    still reachable: 225 bytes in 7 blocks
==58570==         suppressed: 18,013 bytes in 154 blocks
==58570== Rerun with --leak-check=full to see details of leaked memory
==58570== 
==58570== For counts of detected and suppressed errors, rerun with: -v
==58570== ERROR SUMMARY: 0 errors from 0 contexts (suppressed: 4 from 4)
map_samples/bad_tests/duplicated_room_name_2.map
==58574== Memcheck, a memory error detector
==58574== Copyright (C) 2002-2017, and GNU GPL'd, by Julian Seward et al.
==58574== Using Valgrind-3.14.0 and LibVEX; rerun with -h for copyright info
==58574== Command: ./lem-in -q
==58574== 
==58574== 
==58574== HEAP SUMMARY:
==58574==     in use at exit: 18,323 bytes in 164 blocks
==58574==   total heap usage: 206 allocs, 42 frees, 24,996 bytes allocated
==58574== 
==58574== LEAK SUMMARY:
==58574==    definitely lost: 0 bytes in 0 blocks
==58574==    indirectly lost: 0 bytes in 0 blocks
==58574==      possibly lost: 72 bytes in 3 blocks
==58574==    still reachable: 238 bytes in 7 blocks
==58574==         suppressed: 18,013 bytes in 154 blocks
==58574== Rerun with --leak-check=full to see details of leaked memory
==58574== 
==58574== For counts of detected and suppressed errors, rerun with: -v
==58574== ERROR SUMMARY: 0 errors from 0 contexts (suppressed: 4 from 4)
map_samples/bad_tests/duplicated_room_name_3.map
==58578== Memcheck, a memory error detector
==58578== Copyright (C) 2002-2017, and GNU GPL'd, by Julian Seward et al.
==58578== Using Valgrind-3.14.0 and LibVEX; rerun with -h for copyright info
==58578== Command: ./lem-in -q
==58578== 
==58578== 
==58578== HEAP SUMMARY:
==58578==     in use at exit: 18,323 bytes in 164 blocks
==58578==   total heap usage: 206 allocs, 42 frees, 24,996 bytes allocated
==58578== 
==58578== LEAK SUMMARY:
==58578==    definitely lost: 0 bytes in 0 blocks
==58578==    indirectly lost: 0 bytes in 0 blocks
==58578==      possibly lost: 72 bytes in 3 blocks
==58578==    still reachable: 238 bytes in 7 blocks
==58578==         suppressed: 18,013 bytes in 154 blocks
==58578== Rerun with --leak-check=full to see details of leaked memory
==58578== 
==58578== For counts of detected and suppressed errors, rerun with: -v
==58578== ERROR SUMMARY: 0 errors from 0 contexts (suppressed: 4 from 4)
map_samples/bad_tests/duplicated_start.map
==58582== Memcheck, a memory error detector
==58582== Copyright (C) 2002-2017, and GNU GPL'd, by Julian Seward et al.
==58582== Using Valgrind-3.14.0 and LibVEX; rerun with -h for copyright info
==58582== Command: ./lem-in -q
==58582== 
==58582== 
==58582== HEAP SUMMARY:
==58582==     in use at exit: 18,422 bytes in 164 blocks
==58582==   total heap usage: 251 allocs, 87 frees, 27,458 bytes allocated
==58582== 
==58582== LEAK SUMMARY:
==58582==    definitely lost: 0 bytes in 0 blocks
==58582==    indirectly lost: 0 bytes in 0 blocks
==58582==      possibly lost: 72 bytes in 3 blocks
==58582==    still reachable: 337 bytes in 7 blocks
==58582==         suppressed: 18,013 bytes in 154 blocks
==58582== Rerun with --leak-check=full to see details of leaked memory
==58582== 
==58582== For counts of detected and suppressed errors, rerun with: -v
==58582== ERROR SUMMARY: 0 errors from 0 contexts (suppressed: 4 from 4)
map_samples/bad_tests/empty_line_in_link.map
==58586== Memcheck, a memory error detector
==58586== Copyright (C) 2002-2017, and GNU GPL'd, by Julian Seward et al.
==58586== Using Valgrind-3.14.0 and LibVEX; rerun with -h for copyright info
==58586== Command: ./lem-in -q
==58586== 
==58586== 
==58586== HEAP SUMMARY:
==58586==     in use at exit: 22,806 bytes in 191 blocks
==58586==   total heap usage: 291 allocs, 100 frees, 32,142 bytes allocated
==58586== 
==58586== LEAK SUMMARY:
==58586==    definitely lost: 0 bytes in 0 blocks
==58586==    indirectly lost: 0 bytes in 0 blocks
==58586==      possibly lost: 72 bytes in 3 blocks
==58586==    still reachable: 625 bytes in 33 blocks
==58586==         suppressed: 22,109 bytes in 155 blocks
==58586== Rerun with --leak-check=full to see details of leaked memory
==58586== 
==58586== For counts of detected and suppressed errors, rerun with: -v
==58586== ERROR SUMMARY: 0 errors from 0 contexts (suppressed: 4 from 4)
map_samples/bad_tests/empty_line_room.map
==58590== Memcheck, a memory error detector
==58590== Copyright (C) 2002-2017, and GNU GPL'd, by Julian Seward et al.
==58590== Using Valgrind-3.14.0 and LibVEX; rerun with -h for copyright info
==58590== Command: ./lem-in -q
==58590== 
==58590== 
==58590== HEAP SUMMARY:
==58590==     in use at exit: 18,449 bytes in 164 blocks
==58590==   total heap usage: 225 allocs, 61 frees, 26,550 bytes allocated
==58590== 
==58590== LEAK SUMMARY:
==58590==    definitely lost: 0 bytes in 0 blocks
==58590==    indirectly lost: 0 bytes in 0 blocks
==58590==      possibly lost: 72 bytes in 3 blocks
==58590==    still reachable: 364 bytes in 7 blocks
==58590==         suppressed: 18,013 bytes in 154 blocks
==58590== Rerun with --leak-check=full to see details of leaked memory
==58590== 
==58590== For counts of detected and suppressed errors, rerun with: -v
==58590== ERROR SUMMARY: 0 errors from 0 contexts (suppressed: 4 from 4)
map_samples/bad_tests/empty_map.map
==58594== Memcheck, a memory error detector
==58594== Copyright (C) 2002-2017, and GNU GPL'd, by Julian Seward et al.
==58594== Using Valgrind-3.14.0 and LibVEX; rerun with -h for copyright info
==58594== Command: ./lem-in -q
==58594== 
==58594== 
==58594== HEAP SUMMARY:
==58594==     in use at exit: 18,285 bytes in 163 blocks
==58594==   total heap usage: 179 allocs, 16 frees, 24,429 bytes allocated
==58594== 
==58594== LEAK SUMMARY:
==58594==    definitely lost: 0 bytes in 0 blocks
==58594==    indirectly lost: 0 bytes in 0 blocks
==58594==      possibly lost: 72 bytes in 3 blocks
==58594==    still reachable: 200 bytes in 6 blocks
==58594==         suppressed: 18,013 bytes in 154 blocks
==58594== Rerun with --leak-check=full to see details of leaked memory
==58594== 
==58594== For counts of detected and suppressed errors, rerun with: -v
==58594== ERROR SUMMARY: 0 errors from 0 contexts (suppressed: 4 from 4)
map_samples/bad_tests/end_as_comment.map
==58598== Memcheck, a memory error detector
==58598== Copyright (C) 2002-2017, and GNU GPL'd, by Julian Seward et al.
==58598== Using Valgrind-3.14.0 and LibVEX; rerun with -h for copyright info
==58598== Command: ./lem-in -q
==58598== 
==58598== 
==58598== HEAP SUMMARY:
==58598==     in use at exit: 18,285 bytes in 163 blocks
==58598==   total heap usage: 359 allocs, 196 frees, 27,716 bytes allocated
==58598== 
==58598== LEAK SUMMARY:
==58598==    definitely lost: 0 bytes in 0 blocks
==58598==    indirectly lost: 0 bytes in 0 blocks
==58598==      possibly lost: 72 bytes in 3 blocks
==58598==    still reachable: 200 bytes in 6 blocks
==58598==         suppressed: 18,013 bytes in 154 blocks
==58598== Rerun with --leak-check=full to see details of leaked memory
==58598== 
==58598== For counts of detected and suppressed errors, rerun with: -v
==58598== ERROR SUMMARY: 0 errors from 0 contexts (suppressed: 4 from 4)
map_samples/bad_tests/hyphen_room.map
==58602== Memcheck, a memory error detector
==58602== Copyright (C) 2002-2017, and GNU GPL'd, by Julian Seward et al.
==58602== Using Valgrind-3.14.0 and LibVEX; rerun with -h for copyright info
==58602== Command: ./lem-in -q
==58602== 
==58602== Invalid read of size 1
==58602==    at 0x100005532: ft_strcmp (in ./lem-in)
==58602==    by 0x100003E23: check_vertices_name (list_vertices.c:25)
==58602==    by 0x100004804: get_edge (split.c:71)
==58602==    by 0x100004A9A: split_arg (split.c:118)
==58602==    by 0x100004317: parse_ve (parsing.c:67)
==58602==    by 0x1000044AE: parse (parsing.c:96)
==58602==    by 0x100000FD9: init_data (main.c:31)
==58602==    by 0x100000DFF: main (main.c:117)
==58602==  Address 0x100b67c85 is 0 bytes after a block of size 5 alloc'd
==58602==    at 0x1000A2626: malloc (in /Users/jdescler/.brew/Cellar/valgrind/3.14.0/lib/valgrind/vgpreload_memcheck-amd64-darwin.so)
==58602==    by 0x1000056B3: ft_strnew (in ./lem-in)
==58602==    by 0x1000055EE: ft_strndup (in ./lem-in)
==58602==    by 0x1000047DD: get_edge (split.c:69)
==58602==    by 0x100004A9A: split_arg (split.c:118)
==58602==    by 0x100004317: parse_ve (parsing.c:67)
==58602==    by 0x1000044AE: parse (parsing.c:96)
==58602==    by 0x100000FD9: init_data (main.c:31)
==58602==    by 0x100000DFF: main (main.c:117)
==58602== 
==58602== Invalid read of size 1
==58602==    at 0x100005690: ft_strlen (in ./lem-in)
==58602==    by 0x10000559E: ft_strdup (in ./lem-in)
==58602==    by 0x10000483F: get_edge (split.c:75)
==58602==    by 0x100004A9A: split_arg (split.c:118)
==58602==    by 0x100004317: parse_ve (parsing.c:67)
==58602==    by 0x1000044AE: parse (parsing.c:96)
==58602==    by 0x100000FD9: init_data (main.c:31)
==58602==    by 0x100000DFF: main (main.c:117)
==58602==  Address 0x100b67c85 is 0 bytes after a block of size 5 alloc'd
==58602==    at 0x1000A2626: malloc (in /Users/jdescler/.brew/Cellar/valgrind/3.14.0/lib/valgrind/vgpreload_memcheck-amd64-darwin.so)
==58602==    by 0x1000056B3: ft_strnew (in ./lem-in)
==58602==    by 0x1000055EE: ft_strndup (in ./lem-in)
==58602==    by 0x1000047DD: get_edge (split.c:69)
==58602==    by 0x100004A9A: split_arg (split.c:118)
==58602==    by 0x100004317: parse_ve (parsing.c:67)
==58602==    by 0x1000044AE: parse (parsing.c:96)
==58602==    by 0x100000FD9: init_data (main.c:31)
==58602==    by 0x100000DFF: main (main.c:117)
==58602== 
==58602== Invalid read of size 1
==58602==    at 0x100005690: ft_strlen (in ./lem-in)
==58602==    by 0x1000055B6: ft_strdup (in ./lem-in)
==58602==    by 0x10000483F: get_edge (split.c:75)
==58602==    by 0x100004A9A: split_arg (split.c:118)
==58602==    by 0x100004317: parse_ve (parsing.c:67)
==58602==    by 0x1000044AE: parse (parsing.c:96)
==58602==    by 0x100000FD9: init_data (main.c:31)
==58602==    by 0x100000DFF: main (main.c:117)
==58602==  Address 0x100b67c85 is 0 bytes after a block of size 5 alloc'd
==58602==    at 0x1000A2626: malloc (in /Users/jdescler/.brew/Cellar/valgrind/3.14.0/lib/valgrind/vgpreload_memcheck-amd64-darwin.so)
==58602==    by 0x1000056B3: ft_strnew (in ./lem-in)
==58602==    by 0x1000055EE: ft_strndup (in ./lem-in)
==58602==    by 0x1000047DD: get_edge (split.c:69)
==58602==    by 0x100004A9A: split_arg (split.c:118)
==58602==    by 0x100004317: parse_ve (parsing.c:67)
==58602==    by 0x1000044AE: parse (parsing.c:96)
==58602==    by 0x100000FD9: init_data (main.c:31)
==58602==    by 0x100000DFF: main (main.c:117)
==58602== 
==58602== 
==58602== HEAP SUMMARY:
==58602==     in use at exit: 22,741 bytes in 194 blocks
==58602==   total heap usage: 296 allocs, 102 frees, 30,650 bytes allocated
==58602== 
==58602== LEAK SUMMARY:
==58602==    definitely lost: 0 bytes in 0 blocks
==58602==    indirectly lost: 0 bytes in 0 blocks
==58602==      possibly lost: 72 bytes in 3 blocks
==58602==    still reachable: 560 bytes in 36 blocks
==58602==         suppressed: 22,109 bytes in 155 blocks
==58602== Rerun with --leak-check=full to see details of leaked memory
==58602== 
==58602== For counts of detected and suppressed errors, rerun with: -v
==58602== ERROR SUMMARY: 6 errors from 3 contexts (suppressed: 4 from 4)
map_samples/bad_tests/long_max_x_y.map
==58606== Memcheck, a memory error detector
==58606== Copyright (C) 2002-2017, and GNU GPL'd, by Julian Seward et al.
==58606== Using Valgrind-3.14.0 and LibVEX; rerun with -h for copyright info
==58606== Command: ./lem-in -q
==58606== 
==58606== 
==58606== HEAP SUMMARY:
==58606==     in use at exit: 18,296 bytes in 164 blocks
==58606==   total heap usage: 207 allocs, 43 frees, 25,223 bytes allocated
==58606== 
==58606== LEAK SUMMARY:
==58606==    definitely lost: 0 bytes in 0 blocks
==58606==    indirectly lost: 0 bytes in 0 blocks
==58606==      possibly lost: 72 bytes in 3 blocks
==58606==    still reachable: 211 bytes in 7 blocks
==58606==         suppressed: 18,013 bytes in 154 blocks
==58606== Rerun with --leak-check=full to see details of leaked memory
==58606== 
==58606== For counts of detected and suppressed errors, rerun with: -v
==58606== ERROR SUMMARY: 0 errors from 0 contexts (suppressed: 4 from 4)
map_samples/bad_tests/long_min_y.map
==58610== Memcheck, a memory error detector
==58610== Copyright (C) 2002-2017, and GNU GPL'd, by Julian Seward et al.
==58610== Using Valgrind-3.14.0 and LibVEX; rerun with -h for copyright info
==58610== Command: ./lem-in -q
==58610== 
==58610== 
==58610== HEAP SUMMARY:
==58610==     in use at exit: 18,296 bytes in 164 blocks
==58610==   total heap usage: 206 allocs, 42 frees, 25,011 bytes allocated
==58610== 
==58610== LEAK SUMMARY:
==58610==    definitely lost: 0 bytes in 0 blocks
==58610==    indirectly lost: 0 bytes in 0 blocks
==58610==      possibly lost: 72 bytes in 3 blocks
==58610==    still reachable: 211 bytes in 7 blocks
==58610==         suppressed: 18,013 bytes in 154 blocks
==58610== Rerun with --leak-check=full to see details of leaked memory
==58610== 
==58610== For counts of detected and suppressed errors, rerun with: -v
==58610== ERROR SUMMARY: 0 errors from 0 contexts (suppressed: 4 from 4)
map_samples/bad_tests/multiple_issues_1.map
==58614== Memcheck, a memory error detector
==58614== Copyright (C) 2002-2017, and GNU GPL'd, by Julian Seward et al.
==58614== Using Valgrind-3.14.0 and LibVEX; rerun with -h for copyright info
==58614== Command: ./lem-in -q
==58614== 
==58614== 
==58614== Process terminating with default action of signal 2 (SIGINT)
==58614==    at 0x1005D70D8: std::__1::__function::__func<void ( block_pointer)(objc_class*), std::__1::allocator<void ( block_pointer)(objc_class*)>, void (objc_class*)>::operator()(objc_class*&&) (in /usr/lib/libobjc.A.dylib)
==58614==    by 0x1005D36A1: objc_class::setInstancesRequireRawIsa(bool) (in /usr/lib/libobjc.A.dylib)
==58614==    by 0x1005BFCDC: realizeClass(objc_class*) (in /usr/lib/libobjc.A.dylib)
==58614==    by 0x1005BE2AF: _read_images (in /usr/lib/libobjc.A.dylib)
==58614==    by 0x1005BCA13: map_images_nolock (in /usr/lib/libobjc.A.dylib)
==58614==    by 0x1005CFD6A: map_images (in /usr/lib/libobjc.A.dylib)
==58614==    by 0x10001103B: dyld::notifyBatchPartial(dyld_image_states, bool, char const* (*)(dyld_image_states, unsigned int, dyld_image_info const*), bool, bool) (in /usr/lib/dyld)
==58614==    by 0x100011255: dyld::registerObjCNotifiers(void (*)(unsigned int, char const* const*, mach_header const* const*), void (*)(char const*, mach_header const*), void (*)(char const*, mach_header const*)) (in /usr/lib/dyld)
==58614==    by 0x10020A00A: _dyld_objc_notify_register (in /usr/lib/system/libdyld.dylib)
==58614==    by 0x1005BC072: _objc_init (in /usr/lib/libobjc.A.dylib)
==58614==    by 0x10019D68D: _os_object_init (in /usr/lib/system/libdispatch.dylib)
==58614==    by 0x10019D63A: libdispatch_init (in /usr/lib/system/libdispatch.dylib)
==58614== 
==58614== HEAP SUMMARY:
==58614==     in use at exit: 13,768 bytes in 92 blocks
==58614==   total heap usage: 107 allocs, 15 frees, 19,656 bytes allocated
==58614== 
==58614== LEAK SUMMARY:
==58614==    definitely lost: 0 bytes in 0 blocks
==58614==    indirectly lost: 0 bytes in 0 blocks
==58614==      possibly lost: 0 bytes in 0 blocks
==58614==    still reachable: 200 bytes in 6 blocks
==58614==         suppressed: 13,568 bytes in 86 blocks
==58614== Rerun with --leak-check=full to see details of leaked memory
==58614== 
==58614== For counts of detected and suppressed errors, rerun with: -v
==58614== ERROR SUMMARY: 0 errors from 0 contexts (suppressed: 4 from 4)
map_samples/bad_tests/multiple_issues_2.map
==58618== Memcheck, a memory error detector
==58618== Copyright (C) 2002-2017, and GNU GPL'd, by Julian Seward et al.
==58618== Using Valgrind-3.14.0 and LibVEX; rerun with -h for copyright info
==58618== Command: ./lem-in -q
==58618== 
==58618== Invalid read of size 1
==58618==    at 0x100004ED5: ft_atoll (in ./lem-in)
==58618==    by 0x10000404A: parse_ants (parsing.c:7)
==58618==    by 0x100004499: parse (parsing.c:94)
==58618==    by 0x100000FD9: init_data (main.c:31)
==58618==    by 0x100000DFF: main (main.c:117)
==58618==  Address 0x100b6684f is 1 bytes before a block of size 3 alloc'd
==58618==    at 0x1000A2626: malloc (in /Users/jdescler/.brew/Cellar/valgrind/3.14.0/lib/valgrind/vgpreload_memcheck-amd64-darwin.so)
==58618==    by 0x10000582F: ft_strsub (in ./lem-in)
==58618==    by 0x100005B28: get_line (in ./lem-in)
==58618==    by 0x100005C4D: get_next_line (in ./lem-in)
==58618==    by 0x100000F7D: init_data (main.c:25)
==58618==    by 0x100000DFF: main (main.c:117)
==58618== 
==58618== Invalid read of size 1
==58618==    at 0x100004ED5: ft_atoll (in ./lem-in)
==58618==    by 0x10000405D: parse_ants (parsing.c:7)
==58618==    by 0x100004499: parse (parsing.c:94)
==58618==    by 0x100000FD9: init_data (main.c:31)
==58618==    by 0x100000DFF: main (main.c:117)
==58618==  Address 0x100b6684f is 1 bytes before a block of size 3 alloc'd
==58618==    at 0x1000A2626: malloc (in /Users/jdescler/.brew/Cellar/valgrind/3.14.0/lib/valgrind/vgpreload_memcheck-amd64-darwin.so)
==58618==    by 0x10000582F: ft_strsub (in ./lem-in)
==58618==    by 0x100005B28: get_line (in ./lem-in)
==58618==    by 0x100005C4D: get_next_line (in ./lem-in)
==58618==    by 0x100000F7D: init_data (main.c:25)
==58618==    by 0x100000DFF: main (main.c:117)
==58618== 
==58618== Invalid read of size 1
==58618==    at 0x100005532: ft_strcmp (in ./lem-in)
==58618==    by 0x100003E23: check_vertices_name (list_vertices.c:25)
==58618==    by 0x100004804: get_edge (split.c:71)
==58618==    by 0x100004A9A: split_arg (split.c:118)
==58618==    by 0x100004317: parse_ve (parsing.c:67)
==58618==    by 0x1000044AE: parse (parsing.c:96)
==58618==    by 0x100000FD9: init_data (main.c:31)
==58618==    by 0x100000DFF: main (main.c:117)
==58618==  Address 0x100b68b54 is 0 bytes after a block of size 4 alloc'd
==58618==    at 0x1000A2626: malloc (in /Users/jdescler/.brew/Cellar/valgrind/3.14.0/lib/valgrind/vgpreload_memcheck-amd64-darwin.so)
==58618==    by 0x1000056B3: ft_strnew (in ./lem-in)
==58618==    by 0x1000055EE: ft_strndup (in ./lem-in)
==58618==    by 0x1000047DD: get_edge (split.c:69)
==58618==    by 0x100004A9A: split_arg (split.c:118)
==58618==    by 0x100004317: parse_ve (parsing.c:67)
==58618==    by 0x1000044AE: parse (parsing.c:96)
==58618==    by 0x100000FD9: init_data (main.c:31)
==58618==    by 0x100000DFF: main (main.c:117)
==58618== 
==58618== Invalid read of size 1
==58618==    at 0x100005699: ft_strlen (in ./lem-in)
==58618==    by 0x10000559E: ft_strdup (in ./lem-in)
==58618==    by 0x10000483F: get_edge (split.c:75)
==58618==    by 0x100004A9A: split_arg (split.c:118)
==58618==    by 0x100004317: parse_ve (parsing.c:67)
==58618==    by 0x1000044AE: parse (parsing.c:96)
==58618==    by 0x100000FD9: init_data (main.c:31)
==58618==    by 0x100000DFF: main (main.c:117)
==58618==  Address 0x100b68b54 is 0 bytes after a block of size 4 alloc'd
==58618==    at 0x1000A2626: malloc (in /Users/jdescler/.brew/Cellar/valgrind/3.14.0/lib/valgrind/vgpreload_memcheck-amd64-darwin.so)
==58618==    by 0x1000056B3: ft_strnew (in ./lem-in)
==58618==    by 0x1000055EE: ft_strndup (in ./lem-in)
==58618==    by 0x1000047DD: get_edge (split.c:69)
==58618==    by 0x100004A9A: split_arg (split.c:118)
==58618==    by 0x100004317: parse_ve (parsing.c:67)
==58618==    by 0x1000044AE: parse (parsing.c:96)
==58618==    by 0x100000FD9: init_data (main.c:31)
==58618==    by 0x100000DFF: main (main.c:117)
==58618== 
==58618== Invalid read of size 1
==58618==    at 0x100005699: ft_strlen (in ./lem-in)
==58618==    by 0x1000055B6: ft_strdup (in ./lem-in)
==58618==    by 0x10000483F: get_edge (split.c:75)
==58618==    by 0x100004A9A: split_arg (split.c:118)
==58618==    by 0x100004317: parse_ve (parsing.c:67)
==58618==    by 0x1000044AE: parse (parsing.c:96)
==58618==    by 0x100000FD9: init_data (main.c:31)
==58618==    by 0x100000DFF: main (main.c:117)
==58618==  Address 0x100b68b54 is 0 bytes after a block of size 4 alloc'd
==58618==    at 0x1000A2626: malloc (in /Users/jdescler/.brew/Cellar/valgrind/3.14.0/lib/valgrind/vgpreload_memcheck-amd64-darwin.so)
==58618==    by 0x1000056B3: ft_strnew (in ./lem-in)
==58618==    by 0x1000055EE: ft_strndup (in ./lem-in)
==58618==    by 0x1000047DD: get_edge (split.c:69)
==58618==    by 0x100004A9A: split_arg (split.c:118)
==58618==    by 0x100004317: parse_ve (parsing.c:67)
==58618==    by 0x1000044AE: parse (parsing.c:96)
==58618==    by 0x100000FD9: init_data (main.c:31)
==58618==    by 0x100000DFF: main (main.c:117)
==58618== 
==58618== Invalid write of size 1
==58618==    at 0x1000051CA: ft_memcpy (in ./lem-in)
==58618==    by 0x1000047DD: get_edge (split.c:69)
==58618==    by 0x100004A9A: split_arg (split.c:118)
==58618==    by 0x100004317: parse_ve (parsing.c:67)
==58618==    by 0x1000044AE: parse (parsing.c:96)
==58618==    by 0x100000FD9: init_data (main.c:31)
==58618==    by 0x100000DFF: main (main.c:117)
==58618==  Address 0x100b69144 is 0 bytes after a block of size 4 alloc'd
==58618==    at 0x1000A2626: malloc (in /Users/jdescler/.brew/Cellar/valgrind/3.14.0/lib/valgrind/vgpreload_memcheck-amd64-darwin.so)
==58618==    by 0x1000056B3: ft_strnew (in ./lem-in)
==58618==    by 0x1000055EE: ft_strndup (in ./lem-in)
==58618==    by 0x1000047DD: get_edge (split.c:69)
==58618==    by 0x100004A9A: split_arg (split.c:118)
==58618==    by 0x100004317: parse_ve (parsing.c:67)
==58618==    by 0x1000044AE: parse (parsing.c:96)
==58618==    by 0x100000FD9: init_data (main.c:31)
==58618==    by 0x100000DFF: main (main.c:117)
==58618== 
==58618== Invalid read of size 1
==58618==    at 0x100005510: ft_strcmp (in ./lem-in)
==58618==    by 0x100003E23: check_vertices_name (list_vertices.c:25)
==58618==    by 0x100004804: get_edge (split.c:71)
==58618==    by 0x100004A9A: split_arg (split.c:118)
==58618==    by 0x100004317: parse_ve (parsing.c:67)
==58618==    by 0x1000044AE: parse (parsing.c:96)
==58618==    by 0x100000FD9: init_data (main.c:31)
==58618==    by 0x100000DFF: main (main.c:117)
==58618==  Address 0x100b69144 is 0 bytes after a block of size 4 alloc'd
==58618==    at 0x1000A2626: malloc (in /Users/jdescler/.brew/Cellar/valgrind/3.14.0/lib/valgrind/vgpreload_memcheck-amd64-darwin.so)
==58618==    by 0x1000056B3: ft_strnew (in ./lem-in)
==58618==    by 0x1000055EE: ft_strndup (in ./lem-in)
==58618==    by 0x1000047DD: get_edge (split.c:69)
==58618==    by 0x100004A9A: split_arg (split.c:118)
==58618==    by 0x100004317: parse_ve (parsing.c:67)
==58618==    by 0x1000044AE: parse (parsing.c:96)
==58618==    by 0x100000FD9: init_data (main.c:31)
==58618==    by 0x100000DFF: main (main.c:117)
==58618== 
==58618== Invalid read of size 1
==58618==    at 0x100005690: ft_strlen (in ./lem-in)
==58618==    by 0x10000559E: ft_strdup (in ./lem-in)
==58618==    by 0x10000483F: get_edge (split.c:75)
==58618==    by 0x100004A9A: split_arg (split.c:118)
==58618==    by 0x100004317: parse_ve (parsing.c:67)
==58618==    by 0x1000044AE: parse (parsing.c:96)
==58618==    by 0x100000FD9: init_data (main.c:31)
==58618==    by 0x100000DFF: main (main.c:117)
==58618==  Address 0x100b69145 is 1 bytes after a block of size 4 alloc'd
==58618==    at 0x1000A2626: malloc (in /Users/jdescler/.brew/Cellar/valgrind/3.14.0/lib/valgrind/vgpreload_memcheck-amd64-darwin.so)
==58618==    by 0x1000056B3: ft_strnew (in ./lem-in)
==58618==    by 0x1000055EE: ft_strndup (in ./lem-in)
==58618==    by 0x1000047DD: get_edge (split.c:69)
==58618==    by 0x100004A9A: split_arg (split.c:118)
==58618==    by 0x100004317: parse_ve (parsing.c:67)
==58618==    by 0x1000044AE: parse (parsing.c:96)
==58618==    by 0x100000FD9: init_data (main.c:31)
==58618==    by 0x100000DFF: main (main.c:117)
==58618== 
==58618== Invalid read of size 1
==58618==    at 0x100005690: ft_strlen (in ./lem-in)
==58618==    by 0x1000055B6: ft_strdup (in ./lem-in)
==58618==    by 0x10000483F: get_edge (split.c:75)
==58618==    by 0x100004A9A: split_arg (split.c:118)
==58618==    by 0x100004317: parse_ve (parsing.c:67)
==58618==    by 0x1000044AE: parse (parsing.c:96)
==58618==    by 0x100000FD9: init_data (main.c:31)
==58618==    by 0x100000DFF: main (main.c:117)
==58618==  Address 0x100b69145 is 1 bytes after a block of size 4 alloc'd
==58618==    at 0x1000A2626: malloc (in /Users/jdescler/.brew/Cellar/valgrind/3.14.0/lib/valgrind/vgpreload_memcheck-amd64-darwin.so)
==58618==    by 0x1000056B3: ft_strnew (in ./lem-in)
==58618==    by 0x1000055EE: ft_strndup (in ./lem-in)
==58618==    by 0x1000047DD: get_edge (split.c:69)
==58618==    by 0x100004A9A: split_arg (split.c:118)
==58618==    by 0x100004317: parse_ve (parsing.c:67)
==58618==    by 0x1000044AE: parse (parsing.c:96)
==58618==    by 0x100000FD9: init_data (main.c:31)
==58618==    by 0x100000DFF: main (main.c:117)
==58618== 
==58618== Invalid read of size 1
==58618==    at 0x1000051C3: ft_memcpy (in ./lem-in)
==58618==    by 0x10000483F: get_edge (split.c:75)
==58618==    by 0x100004A9A: split_arg (split.c:118)
==58618==    by 0x100004317: parse_ve (parsing.c:67)
==58618==    by 0x1000044AE: parse (parsing.c:96)
==58618==    by 0x100000FD9: init_data (main.c:31)
==58618==    by 0x100000DFF: main (main.c:117)
==58618==  Address 0x100b69144 is 0 bytes after a block of size 4 alloc'd
==58618==    at 0x1000A2626: malloc (in /Users/jdescler/.brew/Cellar/valgrind/3.14.0/lib/valgrind/vgpreload_memcheck-amd64-darwin.so)
==58618==    by 0x1000056B3: ft_strnew (in ./lem-in)
==58618==    by 0x1000055EE: ft_strndup (in ./lem-in)
==58618==    by 0x1000047DD: get_edge (split.c:69)
==58618==    by 0x100004A9A: split_arg (split.c:118)
==58618==    by 0x100004317: parse_ve (parsing.c:67)
==58618==    by 0x1000044AE: parse (parsing.c:96)
==58618==    by 0x100000FD9: init_data (main.c:31)
==58618==    by 0x100000DFF: main (main.c:117)
==58618== 
==58618== 
==58618== HEAP SUMMARY:
==58618==     in use at exit: 22,849 bytes in 204 blocks
==58618==   total heap usage: 351 allocs, 147 frees, 33,367 bytes allocated
==58618== 
==58618== LEAK SUMMARY:
==58618==    definitely lost: 0 bytes in 0 blocks
==58618==    indirectly lost: 0 bytes in 0 blocks
==58618==      possibly lost: 72 bytes in 3 blocks
==58618==    still reachable: 668 bytes in 46 blocks
==58618==         suppressed: 22,109 bytes in 155 blocks
==58618== Rerun with --leak-check=full to see details of leaked memory
==58618== 
==58618== For counts of detected and suppressed errors, rerun with: -v
==58618== ERROR SUMMARY: 16 errors from 10 contexts (suppressed: 4 from 4)
map_samples/bad_tests/multiple_issues_3.map
==58624== Memcheck, a memory error detector
==58624== Copyright (C) 2002-2017, and GNU GPL'd, by Julian Seward et al.
==58624== Using Valgrind-3.14.0 and LibVEX; rerun with -h for copyright info
==58624== Command: ./lem-in -q
==58624== 
==58624== Invalid read of size 1
==58624==    at 0x100004ED5: ft_atoll (in ./lem-in)
==58624==    by 0x10000404A: parse_ants (parsing.c:7)
==58624==    by 0x100004499: parse (parsing.c:94)
==58624==    by 0x100000FD9: init_data (main.c:31)
==58624==    by 0x100000DFF: main (main.c:117)
==58624==  Address 0x100b6684f is 1 bytes before a block of size 4 alloc'd
==58624==    at 0x1000A2626: malloc (in /Users/jdescler/.brew/Cellar/valgrind/3.14.0/lib/valgrind/vgpreload_memcheck-amd64-darwin.so)
==58624==    by 0x10000582F: ft_strsub (in ./lem-in)
==58624==    by 0x100005B28: get_line (in ./lem-in)
==58624==    by 0x100005C4D: get_next_line (in ./lem-in)
==58624==    by 0x100000F7D: init_data (main.c:25)
==58624==    by 0x100000DFF: main (main.c:117)
==58624== 
==58624== Invalid read of size 1
==58624==    at 0x100004ED5: ft_atoll (in ./lem-in)
==58624==    by 0x10000405D: parse_ants (parsing.c:7)
==58624==    by 0x100004499: parse (parsing.c:94)
==58624==    by 0x100000FD9: init_data (main.c:31)
==58624==    by 0x100000DFF: main (main.c:117)
==58624==  Address 0x100b6684f is 1 bytes before a block of size 4 alloc'd
==58624==    at 0x1000A2626: malloc (in /Users/jdescler/.brew/Cellar/valgrind/3.14.0/lib/valgrind/vgpreload_memcheck-amd64-darwin.so)
==58624==    by 0x10000582F: ft_strsub (in ./lem-in)
==58624==    by 0x100005B28: get_line (in ./lem-in)
==58624==    by 0x100005C4D: get_next_line (in ./lem-in)
==58624==    by 0x100000F7D: init_data (main.c:25)
==58624==    by 0x100000DFF: main (main.c:117)
==58624== 
==58624== Invalid read of size 1
==58624==    at 0x100005532: ft_strcmp (in ./lem-in)
==58624==    by 0x100003E23: check_vertices_name (list_vertices.c:25)
==58624==    by 0x100004804: get_edge (split.c:71)
==58624==    by 0x100004A9A: split_arg (split.c:118)
==58624==    by 0x100004317: parse_ve (parsing.c:67)
==58624==    by 0x1000044AE: parse (parsing.c:96)
==58624==    by 0x100000FD9: init_data (main.c:31)
==58624==    by 0x100000DFF: main (main.c:117)
==58624==  Address 0x100b68a94 is 0 bytes after a block of size 4 alloc'd
==58624==    at 0x1000A2626: malloc (in /Users/jdescler/.brew/Cellar/valgrind/3.14.0/lib/valgrind/vgpreload_memcheck-amd64-darwin.so)
==58624==    by 0x1000056B3: ft_strnew (in ./lem-in)
==58624==    by 0x1000055EE: ft_strndup (in ./lem-in)
==58624==    by 0x1000047DD: get_edge (split.c:69)
==58624==    by 0x100004A9A: split_arg (split.c:118)
==58624==    by 0x100004317: parse_ve (parsing.c:67)
==58624==    by 0x1000044AE: parse (parsing.c:96)
==58624==    by 0x100000FD9: init_data (main.c:31)
==58624==    by 0x100000DFF: main (main.c:117)
==58624== 
==58624== Invalid read of size 1
==58624==    at 0x100005699: ft_strlen (in ./lem-in)
==58624==    by 0x10000559E: ft_strdup (in ./lem-in)
==58624==    by 0x10000483F: get_edge (split.c:75)
==58624==    by 0x100004A9A: split_arg (split.c:118)
==58624==    by 0x100004317: parse_ve (parsing.c:67)
==58624==    by 0x1000044AE: parse (parsing.c:96)
==58624==    by 0x100000FD9: init_data (main.c:31)
==58624==    by 0x100000DFF: main (main.c:117)
==58624==  Address 0x100b68a94 is 0 bytes after a block of size 4 alloc'd
==58624==    at 0x1000A2626: malloc (in /Users/jdescler/.brew/Cellar/valgrind/3.14.0/lib/valgrind/vgpreload_memcheck-amd64-darwin.so)
==58624==    by 0x1000056B3: ft_strnew (in ./lem-in)
==58624==    by 0x1000055EE: ft_strndup (in ./lem-in)
==58624==    by 0x1000047DD: get_edge (split.c:69)
==58624==    by 0x100004A9A: split_arg (split.c:118)
==58624==    by 0x100004317: parse_ve (parsing.c:67)
==58624==    by 0x1000044AE: parse (parsing.c:96)
==58624==    by 0x100000FD9: init_data (main.c:31)
==58624==    by 0x100000DFF: main (main.c:117)
==58624== 
==58624== Invalid read of size 1
==58624==    at 0x100005699: ft_strlen (in ./lem-in)
==58624==    by 0x1000055B6: ft_strdup (in ./lem-in)
==58624==    by 0x10000483F: get_edge (split.c:75)
==58624==    by 0x100004A9A: split_arg (split.c:118)
==58624==    by 0x100004317: parse_ve (parsing.c:67)
==58624==    by 0x1000044AE: parse (parsing.c:96)
==58624==    by 0x100000FD9: init_data (main.c:31)
==58624==    by 0x100000DFF: main (main.c:117)
==58624==  Address 0x100b68a94 is 0 bytes after a block of size 4 alloc'd
==58624==    at 0x1000A2626: malloc (in /Users/jdescler/.brew/Cellar/valgrind/3.14.0/lib/valgrind/vgpreload_memcheck-amd64-darwin.so)
==58624==    by 0x1000056B3: ft_strnew (in ./lem-in)
==58624==    by 0x1000055EE: ft_strndup (in ./lem-in)
==58624==    by 0x1000047DD: get_edge (split.c:69)
==58624==    by 0x100004A9A: split_arg (split.c:118)
==58624==    by 0x100004317: parse_ve (parsing.c:67)
==58624==    by 0x1000044AE: parse (parsing.c:96)
==58624==    by 0x100000FD9: init_data (main.c:31)
==58624==    by 0x100000DFF: main (main.c:117)
==58624== 
==58624== 
==58624== HEAP SUMMARY:
==58624==     in use at exit: 22,844 bytes in 204 blocks
==58624==   total heap usage: 353 allocs, 149 frees, 33,160 bytes allocated
==58624== 
==58624== LEAK SUMMARY:
==58624==    definitely lost: 0 bytes in 0 blocks
==58624==    indirectly lost: 0 bytes in 0 blocks
==58624==      possibly lost: 72 bytes in 3 blocks
==58624==    still reachable: 663 bytes in 46 blocks
==58624==         suppressed: 22,109 bytes in 155 blocks
==58624== Rerun with --leak-check=full to see details of leaked memory
==58624== 
==58624== For counts of detected and suppressed errors, rerun with: -v
==58624== ERROR SUMMARY: 11 errors from 5 contexts (suppressed: 4 from 4)
map_samples/bad_tests/no_ants_1.map
==58634== Memcheck, a memory error detector
==58634== Copyright (C) 2002-2017, and GNU GPL'd, by Julian Seward et al.
==58634== Using Valgrind-3.14.0 and LibVEX; rerun with -h for copyright info
==58634== Command: ./lem-in -q
==58634== 
==58634== 
==58634== HEAP SUMMARY:
==58634==     in use at exit: 18,442 bytes in 164 blocks
==58634==   total heap usage: 215 allocs, 51 frees, 26,014 bytes allocated
==58634== 
==58634== LEAK SUMMARY:
==58634==    definitely lost: 0 bytes in 0 blocks
==58634==    indirectly lost: 0 bytes in 0 blocks
==58634==      possibly lost: 72 bytes in 3 blocks
==58634==    still reachable: 357 bytes in 7 blocks
==58634==         suppressed: 18,013 bytes in 154 blocks
==58634== Rerun with --leak-check=full to see details of leaked memory
==58634== 
==58634== For counts of detected and suppressed errors, rerun with: -v
==58634== ERROR SUMMARY: 0 errors from 0 contexts (suppressed: 4 from 4)
map_samples/bad_tests/no_end_1.map
==58640== Memcheck, a memory error detector
==58640== Copyright (C) 2002-2017, and GNU GPL'd, by Julian Seward et al.
==58640== Using Valgrind-3.14.0 and LibVEX; rerun with -h for copyright info
==58640== Command: ./lem-in -q
==58640== 
==58640== 
==58640== HEAP SUMMARY:
==58640==     in use at exit: 18,285 bytes in 163 blocks
==58640==   total heap usage: 333 allocs, 170 frees, 28,568 bytes allocated
==58640== 
==58640== LEAK SUMMARY:
==58640==    definitely lost: 0 bytes in 0 blocks
==58640==    indirectly lost: 0 bytes in 0 blocks
==58640==      possibly lost: 72 bytes in 3 blocks
==58640==    still reachable: 200 bytes in 6 blocks
==58640==         suppressed: 18,013 bytes in 154 blocks
==58640== Rerun with --leak-check=full to see details of leaked memory
==58640== 
==58640== For counts of detected and suppressed errors, rerun with: -v
==58640== ERROR SUMMARY: 0 errors from 0 contexts (suppressed: 4 from 4)
map_samples/bad_tests/no_links_1.map
==58645== Memcheck, a memory error detector
==58645== Copyright (C) 2002-2017, and GNU GPL'd, by Julian Seward et al.
==58645== Using Valgrind-3.14.0 and LibVEX; rerun with -h for copyright info
==58645== Command: ./lem-in -q
==58645== 
==58645== 
==58645== HEAP SUMMARY:
==58645==     in use at exit: 18,285 bytes in 163 blocks
==58645==   total heap usage: 255 allocs, 92 frees, 25,488 bytes allocated
==58645== 
==58645== LEAK SUMMARY:
==58645==    definitely lost: 0 bytes in 0 blocks
==58645==    indirectly lost: 0 bytes in 0 blocks
==58645==      possibly lost: 72 bytes in 3 blocks
==58645==    still reachable: 200 bytes in 6 blocks
==58645==         suppressed: 18,013 bytes in 154 blocks
==58645== Rerun with --leak-check=full to see details of leaked memory
==58645== 
==58645== For counts of detected and suppressed errors, rerun with: -v
==58645== ERROR SUMMARY: 0 errors from 0 contexts (suppressed: 4 from 4)
map_samples/bad_tests/no_pipe_to_end.map
==58655== Memcheck, a memory error detector
==58655== Copyright (C) 2002-2017, and GNU GPL'd, by Julian Seward et al.
==58655== Using Valgrind-3.14.0 and LibVEX; rerun with -h for copyright info
==58655== Command: ./lem-in -q
==58655== 
==58655== 
==58655== HEAP SUMMARY:
==58655==     in use at exit: 22,875 bytes in 212 blocks
==58655==   total heap usage: 344 allocs, 132 frees, 31,446 bytes allocated
==58655== 
==58655== LEAK SUMMARY:
==58655==    definitely lost: 0 bytes in 0 blocks
==58655==    indirectly lost: 0 bytes in 0 blocks
==58655==      possibly lost: 72 bytes in 3 blocks
==58655==    still reachable: 694 bytes in 54 blocks
==58655==         suppressed: 22,109 bytes in 155 blocks
==58655== Rerun with --leak-check=full to see details of leaked memory
==58655== 
==58655== For counts of detected and suppressed errors, rerun with: -v
==58655== ERROR SUMMARY: 0 errors from 0 contexts (suppressed: 4 from 4)
map_samples/bad_tests/no_room_1.map
==58659== Memcheck, a memory error detector
==58659== Copyright (C) 2002-2017, and GNU GPL'd, by Julian Seward et al.
==58659== Using Valgrind-3.14.0 and LibVEX; rerun with -h for copyright info
==58659== Command: ./lem-in -q
==58659== 
==58659== 
==58659== HEAP SUMMARY:
==58659==     in use at exit: 18,369 bytes in 164 blocks
==58659==   total heap usage: 194 allocs, 30 frees, 25,119 bytes allocated
==58659== 
==58659== LEAK SUMMARY:
==58659==    definitely lost: 0 bytes in 0 blocks
==58659==    indirectly lost: 0 bytes in 0 blocks
==58659==      possibly lost: 72 bytes in 3 blocks
==58659==    still reachable: 284 bytes in 7 blocks
==58659==         suppressed: 18,013 bytes in 154 blocks
==58659== Rerun with --leak-check=full to see details of leaked memory
==58659== 
==58659== For counts of detected and suppressed errors, rerun with: -v
==58659== ERROR SUMMARY: 0 errors from 0 contexts (suppressed: 4 from 4)
map_samples/bad_tests/no_room_2.map
==58666== Memcheck, a memory error detector
==58666== Copyright (C) 2002-2017, and GNU GPL'd, by Julian Seward et al.
==58666== Using Valgrind-3.14.0 and LibVEX; rerun with -h for copyright info
==58666== Command: ./lem-in -q
==58666== 
==58666== 
==58666== HEAP SUMMARY:
==58666==     in use at exit: 18,395 bytes in 164 blocks
==58666==   total heap usage: 195 allocs, 31 frees, 25,276 bytes allocated
==58666== 
==58666== LEAK SUMMARY:
==58666==    definitely lost: 0 bytes in 0 blocks
==58666==    indirectly lost: 0 bytes in 0 blocks
==58666==      possibly lost: 72 bytes in 3 blocks
==58666==    still reachable: 310 bytes in 7 blocks
==58666==         suppressed: 18,013 bytes in 154 blocks
==58666== Rerun with --leak-check=full to see details of leaked memory
==58666== 
==58666== For counts of detected and suppressed errors, rerun with: -v
==58666== ERROR SUMMARY: 0 errors from 0 contexts (suppressed: 4 from 4)
map_samples/bad_tests/no_solution_1.map
==58670== Memcheck, a memory error detector
==58670== Copyright (C) 2002-2017, and GNU GPL'd, by Julian Seward et al.
==58670== Using Valgrind-3.14.0 and LibVEX; rerun with -h for copyright info
==58670== Command: ./lem-in -q
==58670== 
==58670== 
==58670== HEAP SUMMARY:
==58670==     in use at exit: 22,880 bytes in 202 blocks
==58670==   total heap usage: 320 allocs, 118 frees, 32,132 bytes allocated
==58670== 
==58670== LEAK SUMMARY:
==58670==    definitely lost: 0 bytes in 0 blocks
==58670==    indirectly lost: 0 bytes in 0 blocks
==58670==      possibly lost: 72 bytes in 3 blocks
==58670==    still reachable: 699 bytes in 44 blocks
==58670==         suppressed: 22,109 bytes in 155 blocks
==58670== Rerun with --leak-check=full to see details of leaked memory
==58670== 
==58670== For counts of detected and suppressed errors, rerun with: -v
==58670== ERROR SUMMARY: 0 errors from 0 contexts (suppressed: 4 from 4)
map_samples/bad_tests/no_solution_2.map
==58674== Memcheck, a memory error detector
==58674== Copyright (C) 2002-2017, and GNU GPL'd, by Julian Seward et al.
==58674== Using Valgrind-3.14.0 and LibVEX; rerun with -h for copyright info
==58674== Command: ./lem-in -q
==58674== 
==58674== 
==58674== HEAP SUMMARY:
==58674==     in use at exit: 22,545 bytes in 180 blocks
==58674==   total heap usage: 239 allocs, 59 frees, 29,207 bytes allocated
==58674== 
==58674== LEAK SUMMARY:
==58674==    definitely lost: 0 bytes in 0 blocks
==58674==    indirectly lost: 0 bytes in 0 blocks
==58674==      possibly lost: 72 bytes in 3 blocks
==58674==    still reachable: 364 bytes in 22 blocks
==58674==         suppressed: 22,109 bytes in 155 blocks
==58674== Rerun with --leak-check=full to see details of leaked memory
==58674== 
==58674== For counts of detected and suppressed errors, rerun with: -v
==58674== ERROR SUMMARY: 0 errors from 0 contexts (suppressed: 4 from 4)
map_samples/bad_tests/no_solution_3.map
==58678== Memcheck, a memory error detector
==58678== Copyright (C) 2002-2017, and GNU GPL'd, by Julian Seward et al.
==58678== Using Valgrind-3.14.0 and LibVEX; rerun with -h for copyright info
==58678== Command: ./lem-in -q
==58678== 
==58678== 
==58678== HEAP SUMMARY:
==58678==     in use at exit: 18,369 bytes in 164 blocks
==58678==   total heap usage: 271 allocs, 107 frees, 27,924 bytes allocated
==58678== 
==58678== LEAK SUMMARY:
==58678==    definitely lost: 0 bytes in 0 blocks
==58678==    indirectly lost: 0 bytes in 0 blocks
==58678==      possibly lost: 72 bytes in 3 blocks
==58678==    still reachable: 284 bytes in 7 blocks
==58678==         suppressed: 18,013 bytes in 154 blocks
==58678== Rerun with --leak-check=full to see details of leaked memory
==58678== 
==58678== For counts of detected and suppressed errors, rerun with: -v
==58678== ERROR SUMMARY: 0 errors from 0 contexts (suppressed: 4 from 4)
map_samples/bad_tests/no_solution_4.map
==58682== Memcheck, a memory error detector
==58682== Copyright (C) 2002-2017, and GNU GPL'd, by Julian Seward et al.
==58682== Using Valgrind-3.14.0 and LibVEX; rerun with -h for copyright info
==58682== Command: ./lem-in -q
==58682== 
==58682== 
==58682== HEAP SUMMARY:
==58682==     in use at exit: 18,367 bytes in 164 blocks
==58682==   total heap usage: 190 allocs, 26 frees, 24,881 bytes allocated
==58682== 
==58682== LEAK SUMMARY:
==58682==    definitely lost: 0 bytes in 0 blocks
==58682==    indirectly lost: 0 bytes in 0 blocks
==58682==      possibly lost: 72 bytes in 3 blocks
==58682==    still reachable: 282 bytes in 7 blocks
==58682==         suppressed: 18,013 bytes in 154 blocks
==58682== Rerun with --leak-check=full to see details of leaked memory
==58682== 
==58682== For counts of detected and suppressed errors, rerun with: -v
==58682== ERROR SUMMARY: 0 errors from 0 contexts (suppressed: 4 from 4)
map_samples/bad_tests/only_ants.map
==58686== Memcheck, a memory error detector
==58686== Copyright (C) 2002-2017, and GNU GPL'd, by Julian Seward et al.
==58686== Using Valgrind-3.14.0 and LibVEX; rerun with -h for copyright info
==58686== Command: ./lem-in -q
==58686== 
==58686== 
==58686== HEAP SUMMARY:
==58686==     in use at exit: 18,285 bytes in 163 blocks
==58686==   total heap usage: 185 allocs, 22 frees, 24,459 bytes allocated
==58686== 
==58686== LEAK SUMMARY:
==58686==    definitely lost: 0 bytes in 0 blocks
==58686==    indirectly lost: 0 bytes in 0 blocks
==58686==      possibly lost: 72 bytes in 3 blocks
==58686==    still reachable: 200 bytes in 6 blocks
==58686==         suppressed: 18,013 bytes in 154 blocks
==58686== Rerun with --leak-check=full to see details of leaked memory
==58686== 
==58686== For counts of detected and suppressed errors, rerun with: -v
==58686== ERROR SUMMARY: 0 errors from 0 contexts (suppressed: 4 from 4)
map_samples/bad_tests/only_comments.map
==58690== Memcheck, a memory error detector
==58690== Copyright (C) 2002-2017, and GNU GPL'd, by Julian Seward et al.
==58690== Using Valgrind-3.14.0 and LibVEX; rerun with -h for copyright info
==58690== Command: ./lem-in -q
==58690== 
==58690== 
==58690== HEAP SUMMARY:
==58690==     in use at exit: 18,285 bytes in 163 blocks
==58690==   total heap usage: 194 allocs, 31 frees, 24,599 bytes allocated
==58690== 
==58690== LEAK SUMMARY:
==58690==    definitely lost: 0 bytes in 0 blocks
==58690==    indirectly lost: 0 bytes in 0 blocks
==58690==      possibly lost: 72 bytes in 3 blocks
==58690==    still reachable: 200 bytes in 6 blocks
==58690==         suppressed: 18,013 bytes in 154 blocks
==58690== Rerun with --leak-check=full to see details of leaked memory
==58690== 
==58690== For counts of detected and suppressed errors, rerun with: -v
==58690== ERROR SUMMARY: 0 errors from 0 contexts (suppressed: 4 from 4)
map_samples/bad_tests/only_comments_with_starts_and_end.map
==58694== Memcheck, a memory error detector
==58694== Copyright (C) 2002-2017, and GNU GPL'd, by Julian Seward et al.
==58694== Using Valgrind-3.14.0 and LibVEX; rerun with -h for copyright info
==58694== Command: ./lem-in -q
==58694== 
==58694== 
==58694== HEAP SUMMARY:
==58694==     in use at exit: 18,302 bytes in 164 blocks
==58694==   total heap usage: 192 allocs, 28 frees, 24,661 bytes allocated
==58694== 
==58694== LEAK SUMMARY:
==58694==    definitely lost: 0 bytes in 0 blocks
==58694==    indirectly lost: 0 bytes in 0 blocks
==58694==      possibly lost: 72 bytes in 3 blocks
==58694==    still reachable: 217 bytes in 7 blocks
==58694==         suppressed: 18,013 bytes in 154 blocks
==58694== Rerun with --leak-check=full to see details of leaked memory
==58694== 
==58694== For counts of detected and suppressed errors, rerun with: -v
==58694== ERROR SUMMARY: 0 errors from 0 contexts (suppressed: 4 from 4)
map_samples/bad_tests/only_links.map
==58698== Memcheck, a memory error detector
==58698== Copyright (C) 2002-2017, and GNU GPL'd, by Julian Seward et al.
==58698== Using Valgrind-3.14.0 and LibVEX; rerun with -h for copyright info
==58698== Command: ./lem-in -q
==58698== 
==58698== 
==58698== HEAP SUMMARY:
==58698==     in use at exit: 18,329 bytes in 164 blocks
==58698==   total heap usage: 186 allocs, 22 frees, 24,604 bytes allocated
==58698== 
==58698== LEAK SUMMARY:
==58698==    definitely lost: 0 bytes in 0 blocks
==58698==    indirectly lost: 0 bytes in 0 blocks
==58698==      possibly lost: 72 bytes in 3 blocks
==58698==    still reachable: 244 bytes in 7 blocks
==58698==         suppressed: 18,013 bytes in 154 blocks
==58698== Rerun with --leak-check=full to see details of leaked memory
==58698== 
==58698== For counts of detected and suppressed errors, rerun with: -v
==58698== ERROR SUMMARY: 0 errors from 0 contexts (suppressed: 4 from 4)
map_samples/bad_tests/overflow_1.map
==58702== Memcheck, a memory error detector
==58702== Copyright (C) 2002-2017, and GNU GPL'd, by Julian Seward et al.
==58702== Using Valgrind-3.14.0 and LibVEX; rerun with -h for copyright info
==58702== Command: ./lem-in -q
==58702== 
==58702== 
==58702== HEAP SUMMARY:
==58702==     in use at exit: 18,293 bytes in 164 blocks
==58702==   total heap usage: 183 allocs, 19 frees, 24,496 bytes allocated
==58702== 
==58702== LEAK SUMMARY:
==58702==    definitely lost: 0 bytes in 0 blocks
==58702==    indirectly lost: 0 bytes in 0 blocks
==58702==      possibly lost: 72 bytes in 3 blocks
==58702==    still reachable: 208 bytes in 7 blocks
==58702==         suppressed: 18,013 bytes in 154 blocks
==58702== Rerun with --leak-check=full to see details of leaked memory
==58702== 
==58702== For counts of detected and suppressed errors, rerun with: -v
==58702== ERROR SUMMARY: 0 errors from 0 contexts (suppressed: 4 from 4)
map_samples/bad_tests/room_bad_format_1.map
==58706== Memcheck, a memory error detector
==58706== Copyright (C) 2002-2017, and GNU GPL'd, by Julian Seward et al.
==58706== Using Valgrind-3.14.0 and LibVEX; rerun with -h for copyright info
==58706== Command: ./lem-in -q
==58706== 
==58706== 
==58706== HEAP SUMMARY:
==58706==     in use at exit: 18,405 bytes in 164 blocks
==58706==   total heap usage: 205 allocs, 41 frees, 25,296 bytes allocated
==58706== 
==58706== LEAK SUMMARY:
==58706==    definitely lost: 0 bytes in 0 blocks
==58706==    indirectly lost: 0 bytes in 0 blocks
==58706==      possibly lost: 72 bytes in 3 blocks
==58706==    still reachable: 320 bytes in 7 blocks
==58706==         suppressed: 18,013 bytes in 154 blocks
==58706== Rerun with --leak-check=full to see details of leaked memory
==58706== 
==58706== For counts of detected and suppressed errors, rerun with: -v
==58706== ERROR SUMMARY: 0 errors from 0 contexts (suppressed: 4 from 4)
map_samples/bad_tests/room_starting_with_ht.map
==58710== Memcheck, a memory error detector
==58710== Copyright (C) 2002-2017, and GNU GPL'd, by Julian Seward et al.
==58710== Using Valgrind-3.14.0 and LibVEX; rerun with -h for copyright info
==58710== Command: ./lem-in -q
==58710== 
==58710== 
==58710== HEAP SUMMARY:
==58710==     in use at exit: 18,306 bytes in 164 blocks
==58710==   total heap usage: 190 allocs, 26 frees, 24,641 bytes allocated
==58710== 
==58710== LEAK SUMMARY:
==58710==    definitely lost: 0 bytes in 0 blocks
==58710==    indirectly lost: 0 bytes in 0 blocks
==58710==      possibly lost: 72 bytes in 3 blocks
==58710==    still reachable: 221 bytes in 7 blocks
==58710==         suppressed: 18,013 bytes in 154 blocks
==58710== Rerun with --leak-check=full to see details of leaked memory
==58710== 
==58710== For counts of detected and suppressed errors, rerun with: -v
==58710== ERROR SUMMARY: 0 errors from 0 contexts (suppressed: 4 from 4)
map_samples/bad_tests/self_linked_1.map
==58714== Memcheck, a memory error detector
==58714== Copyright (C) 2002-2017, and GNU GPL'd, by Julian Seward et al.
==58714== Using Valgrind-3.14.0 and LibVEX; rerun with -h for copyright info
==58714== Command: ./lem-in -q
==58714== 
==58714== 
==58714== HEAP SUMMARY:
==58714==     in use at exit: 18,369 bytes in 164 blocks
==58714==   total heap usage: 276 allocs, 112 frees, 27,722 bytes allocated
==58714== 
==58714== LEAK SUMMARY:
==58714==    definitely lost: 0 bytes in 0 blocks
==58714==    indirectly lost: 0 bytes in 0 blocks
==58714==      possibly lost: 72 bytes in 3 blocks
==58714==    still reachable: 284 bytes in 7 blocks
==58714==         suppressed: 18,013 bytes in 154 blocks
==58714== Rerun with --leak-check=full to see details of leaked memory
==58714== 
==58714== For counts of detected and suppressed errors, rerun with: -v
==58714== ERROR SUMMARY: 0 errors from 0 contexts (suppressed: 4 from 4)
map_samples/bad_tests/self_linked_2.map
==58718== Memcheck, a memory error detector
==58718== Copyright (C) 2002-2017, and GNU GPL'd, by Julian Seward et al.
==58718== Using Valgrind-3.14.0 and LibVEX; rerun with -h for copyright info
==58718== Command: ./lem-in -q
==58718== 
==58718== 
==58718== HEAP SUMMARY:
==58718==     in use at exit: 18,369 bytes in 164 blocks
==58718==   total heap usage: 276 allocs, 112 frees, 27,722 bytes allocated
==58718== 
==58718== LEAK SUMMARY:
==58718==    definitely lost: 0 bytes in 0 blocks
==58718==    indirectly lost: 0 bytes in 0 blocks
==58718==      possibly lost: 72 bytes in 3 blocks
==58718==    still reachable: 284 bytes in 7 blocks
==58718==         suppressed: 18,013 bytes in 154 blocks
==58718== Rerun with --leak-check=full to see details of leaked memory
==58718== 
==58718== For counts of detected and suppressed errors, rerun with: -v
==58718== ERROR SUMMARY: 0 errors from 0 contexts (suppressed: 4 from 4)
map_samples/bad_tests/short_loop_1.map
==58722== Memcheck, a memory error detector
==58722== Copyright (C) 2002-2017, and GNU GPL'd, by Julian Seward et al.
==58722== Using Valgrind-3.14.0 and LibVEX; rerun with -h for copyright info
==58722== Command: ./lem-in -q
==58722== 
==58722== 
==58722== HEAP SUMMARY:
==58722==     in use at exit: 22,611 bytes in 183 blocks
==58722==   total heap usage: 250 allocs, 67 frees, 29,721 bytes allocated
==58722== 
==58722== LEAK SUMMARY:
==58722==    definitely lost: 0 bytes in 0 blocks
==58722==    indirectly lost: 0 bytes in 0 blocks
==58722==      possibly lost: 72 bytes in 3 blocks
==58722==    still reachable: 430 bytes in 25 blocks
==58722==         suppressed: 22,109 bytes in 155 blocks
==58722== Rerun with --leak-check=full to see details of leaked memory
==58722== 
==58722== For counts of detected and suppressed errors, rerun with: -v
==58722== ERROR SUMMARY: 0 errors from 0 contexts (suppressed: 4 from 4)
map_samples/bad_tests/space_before_comment.map
==58726== Memcheck, a memory error detector
==58726== Copyright (C) 2002-2017, and GNU GPL'd, by Julian Seward et al.
==58726== Using Valgrind-3.14.0 and LibVEX; rerun with -h for copyright info
==58726== Command: ./lem-in -q
==58726== 
==58726== 
==58726== HEAP SUMMARY:
==58726==     in use at exit: 18,449 bytes in 164 blocks
==58726==   total heap usage: 227 allocs, 63 frees, 27,102 bytes allocated
==58726== 
==58726== LEAK SUMMARY:
==58726==    definitely lost: 0 bytes in 0 blocks
==58726==    indirectly lost: 0 bytes in 0 blocks
==58726==      possibly lost: 72 bytes in 3 blocks
==58726==    still reachable: 364 bytes in 7 blocks
==58726==         suppressed: 18,013 bytes in 154 blocks
==58726== Rerun with --leak-check=full to see details of leaked memory
==58726== 
==58726== For counts of detected and suppressed errors, rerun with: -v
==58726== ERROR SUMMARY: 0 errors from 0 contexts (suppressed: 4 from 4)
map_samples/bad_tests/space_before_link.map
==58730== Memcheck, a memory error detector
==58730== Copyright (C) 2002-2017, and GNU GPL'd, by Julian Seward et al.
==58730== Using Valgrind-3.14.0 and LibVEX; rerun with -h for copyright info
==58730== Command: ./lem-in -q
==58730== 
==58730== 
==58730== HEAP SUMMARY:
==58730==     in use at exit: 18,355 bytes in 164 blocks
==58730==   total heap usage: 291 allocs, 127 frees, 28,998 bytes allocated
==58730== 
==58730== LEAK SUMMARY:
==58730==    definitely lost: 0 bytes in 0 blocks
==58730==    indirectly lost: 0 bytes in 0 blocks
==58730==      possibly lost: 72 bytes in 3 blocks
==58730==    still reachable: 270 bytes in 7 blocks
==58730==         suppressed: 18,013 bytes in 154 blocks
==58730== Rerun with --leak-check=full to see details of leaked memory
==58730== 
==58730== For counts of detected and suppressed errors, rerun with: -v
==58730== ERROR SUMMARY: 0 errors from 0 contexts (suppressed: 4 from 4)
map_samples/bad_tests/start_as_comment.map
==58734== Memcheck, a memory error detector
==58734== Copyright (C) 2002-2017, and GNU GPL'd, by Julian Seward et al.
==58734== Using Valgrind-3.14.0 and LibVEX; rerun with -h for copyright info
==58734== Command: ./lem-in -q
==58734== 
==58734== 
==58734== HEAP SUMMARY:
==58734==     in use at exit: 18,285 bytes in 163 blocks
==58734==   total heap usage: 359 allocs, 196 frees, 27,709 bytes allocated
==58734== 
==58734== LEAK SUMMARY:
==58734==    definitely lost: 0 bytes in 0 blocks
==58734==    indirectly lost: 0 bytes in 0 blocks
==58734==      possibly lost: 72 bytes in 3 blocks
==58734==    still reachable: 200 bytes in 6 blocks
==58734==         suppressed: 18,013 bytes in 154 blocks
==58734== Rerun with --leak-check=full to see details of leaked memory
==58734== 
==58734== For counts of detected and suppressed errors, rerun with: -v
==58734== ERROR SUMMARY: 0 errors from 0 contexts (suppressed: 4 from 4)
map_samples/bad_tests/start_is_end.map
==58738== Memcheck, a memory error detector
==58738== Copyright (C) 2002-2017, and GNU GPL'd, by Julian Seward et al.
==58738== Using Valgrind-3.14.0 and LibVEX; rerun with -h for copyright info
==58738== Command: ./lem-in -q
==58738== 
==58738== 
==58738== HEAP SUMMARY:
==58738==     in use at exit: 18,311 bytes in 164 blocks
==58738==   total heap usage: 216 allocs, 52 frees, 25,130 bytes allocated
==58738== 
==58738== LEAK SUMMARY:
==58738==    definitely lost: 0 bytes in 0 blocks
==58738==    indirectly lost: 0 bytes in 0 blocks
==58738==      possibly lost: 72 bytes in 3 blocks
==58738==    still reachable: 226 bytes in 7 blocks
==58738==         suppressed: 18,013 bytes in 154 blocks
==58738== Rerun with --leak-check=full to see details of leaked memory
==58738== 
==58738== For counts of detected and suppressed errors, rerun with: -v
==58738== ERROR SUMMARY: 0 errors from 0 contexts (suppressed: 4 from 4)
map_samples/bad_tests/start_is_end_2.map
==58742== Memcheck, a memory error detector
==58742== Copyright (C) 2002-2017, and GNU GPL'd, by Julian Seward et al.
==58742== Using Valgrind-3.14.0 and LibVEX; rerun with -h for copyright info
==58742== Command: ./lem-in -q
==58742== 
==58742== 
==58742== HEAP SUMMARY:
==58742==     in use at exit: 18,325 bytes in 164 blocks
==58742==   total heap usage: 191 allocs, 27 frees, 24,722 bytes allocated
==58742== 
==58742== LEAK SUMMARY:
==58742==    definitely lost: 0 bytes in 0 blocks
==58742==    indirectly lost: 0 bytes in 0 blocks
==58742==      possibly lost: 72 bytes in 3 blocks
==58742==    still reachable: 240 bytes in 7 blocks
==58742==         suppressed: 18,013 bytes in 154 blocks
==58742== Rerun with --leak-check=full to see details of leaked memory
==58742== 
==58742== For counts of detected and suppressed errors, rerun with: -v
==58742== ERROR SUMMARY: 0 errors from 0 contexts (suppressed: 4 from 4)
map_samples/bad_tests/wrong_room_y.map
==58746== Memcheck, a memory error detector
==58746== Copyright (C) 2002-2017, and GNU GPL'd, by Julian Seward et al.
==58746== Using Valgrind-3.14.0 and LibVEX; rerun with -h for copyright info
==58746== Command: ./lem-in -q
==58746== 
==58746== 
==58746== HEAP SUMMARY:
==58746==     in use at exit: 18,382 bytes in 164 blocks
==58746==   total heap usage: 279 allocs, 115 frees, 28,005 bytes allocated
==58746== 
==58746== LEAK SUMMARY:
==58746==    definitely lost: 0 bytes in 0 blocks
==58746==    indirectly lost: 0 bytes in 0 blocks
==58746==      possibly lost: 72 bytes in 3 blocks
==58746==    still reachable: 297 bytes in 7 blocks
==58746==         suppressed: 18,013 bytes in 154 blocks
==58746== Rerun with --leak-check=full to see details of leaked memory
==58746== 
==58746== For counts of detected and suppressed errors, rerun with: -v
==58746== ERROR SUMMARY: 0 errors from 0 contexts (suppressed: 4 from 4)
